This file contains any messages produced by compilers while
running configure, to aid debugging if configure makes a mistake.

It was created by cashwebtools configure 0, which was
generated by GNU Autoconf 2.69.  Invocation command line was

  $ ./configure 

## --------- ##
## Platform. ##
## --------- ##

hostname = Kents-MacBook-Pro-3.local
uname -m = x86_64
uname -r = 18.2.0
uname -s = Darwin
uname -v = Darwin Kernel Version 18.2.0: Fri Oct  5 19:41:49 PDT 2018; root:xnu-4903.221.2~2/RELEASE_X86_64

/usr/bin/uname -p = i386
/bin/uname -X     = unknown

/bin/arch              = unknown
/usr/bin/arch -k       = unknown
/usr/convex/getsysinfo = unknown
/usr/bin/hostinfo      = Mach kernel version:
	 Darwin Kernel Version 18.2.0: Fri Oct  5 19:41:49 PDT 2018; root:xnu-4903.221.2~2/RELEASE_X86_64
Kernel configured for up to 4 processors.
2 processors are physically available.
4 processors are logically available.
Processor type: x86_64h (Intel x86-64h Haswell)
Processors active: 0 1 2 3
Primary memory available: 8.00 gigabytes
Default processor set: 437 tasks, 2406 threads, 4 processors
Load average: 3.42, Mach factor: 1.12
/bin/machine           = unknown
/usr/bin/oslevel       = unknown
/bin/universe          = unknown

PATH: /Users/kenthall/anaconda3/bin
PATH: /Users/kenthall/.rbenv/shims
PATH: /Users/kenthall/.rbenv/shims
PATH: /usr/local/bin
PATH: /usr/bin
PATH: /bin
PATH: /usr/sbin
PATH: /sbin
PATH: /Library/TeX/texbin
PATH: /Library/Frameworks/Mono.framework/Versions/Current/Commands


## ----------- ##
## Core tests. ##
## ----------- ##

configure:2305: checking for a BSD-compatible install
configure:2373: result: /usr/local/bin/ginstall -c
configure:2384: checking whether build environment is sane
configure:2439: result: yes
configure:2590: checking for a thread-safe mkdir -p
configure:2629: result: /usr/local/bin/gmkdir -p
configure:2636: checking for gawk
configure:2666: result: no
configure:2636: checking for mawk
configure:2666: result: no
configure:2636: checking for nawk
configure:2666: result: no
configure:2636: checking for awk
configure:2652: found /usr/bin/awk
configure:2663: result: awk
configure:2674: checking whether make sets $(MAKE)
configure:2696: result: yes
configure:2725: checking whether make supports nested variables
configure:2742: result: yes
configure:2938: checking for gcc
configure:2954: found /usr/bin/gcc
configure:2965: result: gcc
configure:3194: checking for C compiler version
configure:3203: gcc --version >&5
Apple LLVM version 10.0.0 (clang-1000.11.45.5)
Target: x86_64-apple-darwin18.2.0
Thread model: posix
InstalledDir: /Applications/Xcode.app/Contents/Developer/Toolchains/XcodeDefault.xctoolchain/usr/bin
Configured with: --prefix=/Applications/Xcode.app/Contents/Developer/usr --with-gxx-include-dir=/Applications/Xcode.app/Contents/Developer/Platforms/MacOSX.platform/Developer/SDKs/MacOSX10.14.sdk/usr/include/c++/4.2.1
configure:3214: $? = 0
configure:3203: gcc -v >&5
Configured with: --prefix=/Applications/Xcode.app/Contents/Developer/usr --with-gxx-include-dir=/Applications/Xcode.app/Contents/Developer/Platforms/MacOSX.platform/Developer/SDKs/MacOSX10.14.sdk/usr/include/c++/4.2.1
Apple LLVM version 10.0.0 (clang-1000.11.45.5)
Target: x86_64-apple-darwin18.2.0
Thread model: posix
InstalledDir: /Applications/Xcode.app/Contents/Developer/Toolchains/XcodeDefault.xctoolchain/usr/bin
configure:3214: $? = 0
configure:3203: gcc -V >&5
clang: error: argument to '-V' is missing (expected 1 value)
clang: error: no input files
configure:3214: $? = 1
configure:3203: gcc -qversion >&5
clang: error: unknown argument: '-qversion'
clang: error: no input files
configure:3214: $? = 1
configure:3234: checking whether the C compiler works
configure:3256: gcc    conftest.c  >&5
configure:3260: $? = 0
configure:3308: result: yes
configure:3311: checking for C compiler default output file name
configure:3313: result: a.out
configure:3319: checking for suffix of executables
configure:3326: gcc -o conftest    conftest.c  >&5
configure:3330: $? = 0
configure:3352: result: 
configure:3374: checking whether we are cross compiling
configure:3382: gcc -o conftest    conftest.c  >&5
configure:3386: $? = 0
configure:3393: ./conftest
configure:3397: $? = 0
configure:3412: result: no
configure:3417: checking for suffix of object files
configure:3439: gcc -c   conftest.c >&5
configure:3443: $? = 0
configure:3464: result: o
configure:3468: checking whether we are using the GNU C compiler
configure:3487: gcc -c   conftest.c >&5
configure:3487: $? = 0
configure:3496: result: yes
configure:3505: checking whether gcc accepts -g
configure:3525: gcc -c -g  conftest.c >&5
configure:3525: $? = 0
configure:3566: result: yes
configure:3583: checking for gcc option to accept ISO C89
configure:3646: gcc  -c -g -O2  conftest.c >&5
configure:3646: $? = 0
configure:3659: result: none needed
configure:3684: checking whether gcc understands -c and -o together
configure:3706: gcc -c conftest.c -o conftest2.o
configure:3709: $? = 0
configure:3706: gcc -c conftest.c -o conftest2.o
configure:3709: $? = 0
configure:3721: result: yes
configure:3741: checking whether make supports the include directive
configure:3756: make -f confmf.GNU && cat confinc.out
this is the am__doit target
configure:3759: $? = 0
configure:3778: result: yes (GNU style)
configure:3803: checking dependency style of gcc
configure:3914: result: gcc3
configure:3972: checking for ranlib
configure:3988: found /usr/bin/ranlib
configure:3999: result: ranlib
configure:4028: checking for library containing mongoc_init
configure:4059: gcc -o conftest -I/usr/local/Cellar/mongo-c-driver/1.14.0/include/libmongoc-1.0 -I/usr/local/Cellar/mongo-c-driver/1.14.0/include/libbson-1.0 -g -O2  -L/usr/local/Cellar/mongo-c-driver/1.14.0/lib -lmongoc-1.0 -lbson-1.0  conftest.c  >&5
configure:4059: $? = 0
configure:4076: result: none required
configure:4088: checking for library containing bson_destroy
configure:4119: gcc -o conftest -I/usr/local/Cellar/mongo-c-driver/1.14.0/include/libmongoc-1.0 -I/usr/local/Cellar/mongo-c-driver/1.14.0/include/libbson-1.0 -g -O2  -L/usr/local/Cellar/mongo-c-driver/1.14.0/lib -lmongoc-1.0 -lbson-1.0  conftest.c  >&5
configure:4119: $? = 0
configure:4136: result: none required
configure:4153: checking how to run the C preprocessor
configure:4184: gcc -E  conftest.c
configure:4184: $? = 0
configure:4198: gcc -E  conftest.c
conftest.c:11:10: fatal error: 'ac_nonexistent.h' file not found
#include <ac_nonexistent.h>
         ^~~~~~~~~~~~~~~~~~
1 error generated.
configure:4198: $? = 1
configure: failed program was:
| /* confdefs.h */
| #define PACKAGE_NAME "cashwebtools"
| #define PACKAGE_TARNAME "cashwebtools"
| #define PACKAGE_VERSION "0"
| #define PACKAGE_STRING "cashwebtools 0"
| #define PACKAGE_BUGREPORT ""
| #define PACKAGE_URL ""
| #define PACKAGE "cashwebtools"
| #define VERSION "0"
| /* end confdefs.h.  */
| #include <ac_nonexistent.h>
configure:4223: result: gcc -E
configure:4243: gcc -E  conftest.c
configure:4243: $? = 0
configure:4257: gcc -E  conftest.c
conftest.c:11:10: fatal error: 'ac_nonexistent.h' file not found
#include <ac_nonexistent.h>
         ^~~~~~~~~~~~~~~~~~
1 error generated.
configure:4257: $? = 1
configure: failed program was:
| /* confdefs.h */
| #define PACKAGE_NAME "cashwebtools"
| #define PACKAGE_TARNAME "cashwebtools"
| #define PACKAGE_VERSION "0"
| #define PACKAGE_STRING "cashwebtools 0"
| #define PACKAGE_BUGREPORT ""
| #define PACKAGE_URL ""
| #define PACKAGE "cashwebtools"
| #define VERSION "0"
| /* end confdefs.h.  */
| #include <ac_nonexistent.h>
configure:4286: checking for grep that handles long lines and -e
configure:4344: result: /usr/bin/grep
configure:4349: checking for egrep
configure:4411: result: /usr/bin/grep -E
configure:4416: checking for ANSI C header files
configure:4436: gcc -c -I/usr/local/Cellar/mongo-c-driver/1.14.0/include/libmongoc-1.0 -I/usr/local/Cellar/mongo-c-driver/1.14.0/include/libbson-1.0 -g -O2  conftest.c >&5
configure:4436: $? = 0
configure:4509: gcc -o conftest -I/usr/local/Cellar/mongo-c-driver/1.14.0/include/libmongoc-1.0 -I/usr/local/Cellar/mongo-c-driver/1.14.0/include/libbson-1.0 -g -O2  -L/usr/local/Cellar/mongo-c-driver/1.14.0/lib -lmongoc-1.0 -lbson-1.0  conftest.c  >&5
configure:4509: $? = 0
configure:4509: ./conftest
configure:4509: $? = 0
configure:4520: result: yes
configure:4533: checking for sys/types.h
configure:4533: gcc -c -I/usr/local/Cellar/mongo-c-driver/1.14.0/include/libmongoc-1.0 -I/usr/local/Cellar/mongo-c-driver/1.14.0/include/libbson-1.0 -g -O2  conftest.c >&5
configure:4533: $? = 0
configure:4533: result: yes
configure:4533: checking for sys/stat.h
configure:4533: gcc -c -I/usr/local/Cellar/mongo-c-driver/1.14.0/include/libmongoc-1.0 -I/usr/local/Cellar/mongo-c-driver/1.14.0/include/libbson-1.0 -g -O2  conftest.c >&5
configure:4533: $? = 0
configure:4533: result: yes
configure:4533: checking for stdlib.h
configure:4533: gcc -c -I/usr/local/Cellar/mongo-c-driver/1.14.0/include/libmongoc-1.0 -I/usr/local/Cellar/mongo-c-driver/1.14.0/include/libbson-1.0 -g -O2  conftest.c >&5
configure:4533: $? = 0
configure:4533: result: yes
configure:4533: checking for string.h
configure:4533: gcc -c -I/usr/local/Cellar/mongo-c-driver/1.14.0/include/libmongoc-1.0 -I/usr/local/Cellar/mongo-c-driver/1.14.0/include/libbson-1.0 -g -O2  conftest.c >&5
configure:4533: $? = 0
configure:4533: result: yes
configure:4533: checking for memory.h
configure:4533: gcc -c -I/usr/local/Cellar/mongo-c-driver/1.14.0/include/libmongoc-1.0 -I/usr/local/Cellar/mongo-c-driver/1.14.0/include/libbson-1.0 -g -O2  conftest.c >&5
configure:4533: $? = 0
configure:4533: result: yes
configure:4533: checking for strings.h
configure:4533: gcc -c -I/usr/local/Cellar/mongo-c-driver/1.14.0/include/libmongoc-1.0 -I/usr/local/Cellar/mongo-c-driver/1.14.0/include/libbson-1.0 -g -O2  conftest.c >&5
configure:4533: $? = 0
configure:4533: result: yes
configure:4533: checking for inttypes.h
configure:4533: gcc -c -I/usr/local/Cellar/mongo-c-driver/1.14.0/include/libmongoc-1.0 -I/usr/local/Cellar/mongo-c-driver/1.14.0/include/libbson-1.0 -g -O2  conftest.c >&5
configure:4533: $? = 0
configure:4533: result: yes
configure:4533: checking for stdint.h
configure:4533: gcc -c -I/usr/local/Cellar/mongo-c-driver/1.14.0/include/libmongoc-1.0 -I/usr/local/Cellar/mongo-c-driver/1.14.0/include/libbson-1.0 -g -O2  conftest.c >&5
configure:4533: $? = 0
configure:4533: result: yes
configure:4533: checking for unistd.h
configure:4533: gcc -c -I/usr/local/Cellar/mongo-c-driver/1.14.0/include/libmongoc-1.0 -I/usr/local/Cellar/mongo-c-driver/1.14.0/include/libbson-1.0 -g -O2  conftest.c >&5
configure:4533: $? = 0
configure:4533: result: yes
configure:4545: checking mongoc.h usability
configure:4545: gcc -c -I/usr/local/Cellar/mongo-c-driver/1.14.0/include/libmongoc-1.0 -I/usr/local/Cellar/mongo-c-driver/1.14.0/include/libbson-1.0 -g -O2  conftest.c >&5
configure:4545: $? = 0
configure:4545: result: yes
configure:4545: checking mongoc.h presence
configure:4545: gcc -E  conftest.c
conftest.c:21:10: fatal error: 'mongoc.h' file not found
#include <mongoc.h>
         ^~~~~~~~~~
1 error generated.
configure:4545: $? = 1
configure: failed program was:
| /* confdefs.h */
| #define PACKAGE_NAME "cashwebtools"
| #define PACKAGE_TARNAME "cashwebtools"
| #define PACKAGE_VERSION "0"
| #define PACKAGE_STRING "cashwebtools 0"
| #define PACKAGE_BUGREPORT ""
| #define PACKAGE_URL ""
| #define PACKAGE "cashwebtools"
| #define VERSION "0"
| #define STDC_HEADERS 1
| #define HAVE_SYS_TYPES_H 1
| #define HAVE_SYS_STAT_H 1
| #define HAVE_STDLIB_H 1
| #define HAVE_STRING_H 1
| #define HAVE_MEMORY_H 1
| #define HAVE_STRINGS_H 1
| #define HAVE_INTTYPES_H 1
| #define HAVE_STDINT_H 1
| #define HAVE_UNISTD_H 1
| /* end confdefs.h.  */
| #include <mongoc.h>
configure:4545: result: no
configure:4545: WARNING: mongoc.h: accepted by the compiler, rejected by the preprocessor!
configure:4545: WARNING: mongoc.h: proceeding with the compiler's result
configure:4545: checking for mongoc.h
configure:4545: result: yes
configure:4555: checking for library containing curl_easy_init
configure:4586: gcc -o conftest -I/usr/local/Cellar/mongo-c-driver/1.14.0/include/libmongoc-1.0 -I/usr/local/Cellar/mongo-c-driver/1.14.0/include/libbson-1.0 -g -O2  -L/usr/local/Cellar/mongo-c-driver/1.14.0/lib -lmongoc-1.0 -lbson-1.0  conftest.c  >&5
Undefined symbols for architecture x86_64:
  "_curl_easy_init", referenced from:
      _main in conftest-f0189e.o
ld: symbol(s) not found for architecture x86_64
clang: error: linker command failed with exit code 1 (use -v to see invocation)
configure:4586: $? = 1
configure: failed program was:
| /* confdefs.h */
| #define PACKAGE_NAME "cashwebtools"
| #define PACKAGE_TARNAME "cashwebtools"
| #define PACKAGE_VERSION "0"
| #define PACKAGE_STRING "cashwebtools 0"
| #define PACKAGE_BUGREPORT ""
| #define PACKAGE_URL ""
| #define PACKAGE "cashwebtools"
| #define VERSION "0"
| #define STDC_HEADERS 1
| #define HAVE_SYS_TYPES_H 1
| #define HAVE_SYS_STAT_H 1
| #define HAVE_STDLIB_H 1
| #define HAVE_STRING_H 1
| #define HAVE_MEMORY_H 1
| #define HAVE_STRINGS_H 1
| #define HAVE_INTTYPES_H 1
| #define HAVE_STDINT_H 1
| #define HAVE_UNISTD_H 1
| /* end confdefs.h.  */
| 
| /* Override any GCC internal prototype to avoid an error.
|    Use char because int might match the return type of a GCC
|    builtin and then its argument prototype would still apply.  */
| #ifdef __cplusplus
| extern "C"
| #endif
| char curl_easy_init ();
| int
| main ()
| {
| return curl_easy_init ();
|   ;
|   return 0;
| }
configure:4586: gcc -o conftest -I/usr/local/Cellar/mongo-c-driver/1.14.0/include/libmongoc-1.0 -I/usr/local/Cellar/mongo-c-driver/1.14.0/include/libbson-1.0 -g -O2  -L/usr/local/Cellar/mongo-c-driver/1.14.0/lib -lmongoc-1.0 -lbson-1.0  conftest.c -lcurl   >&5
configure:4586: $? = 0
configure:4603: result: -lcurl
configure:4615: checking curl/curl.h usability
configure:4615: gcc -c -I/usr/local/Cellar/mongo-c-driver/1.14.0/include/libmongoc-1.0 -I/usr/local/Cellar/mongo-c-driver/1.14.0/include/libbson-1.0 -g -O2  conftest.c >&5
configure:4615: $? = 0
configure:4615: result: yes
configure:4615: checking curl/curl.h presence
configure:4615: gcc -E  conftest.c
configure:4615: $? = 0
configure:4615: result: yes
configure:4615: checking for curl/curl.h
configure:4615: result: yes
configure:4625: checking for library containing json_object
configure:4656: gcc -o conftest -I/usr/local/Cellar/mongo-c-driver/1.14.0/include/libmongoc-1.0 -I/usr/local/Cellar/mongo-c-driver/1.14.0/include/libbson-1.0 -g -O2  -L/usr/local/Cellar/mongo-c-driver/1.14.0/lib -lmongoc-1.0 -lbson-1.0  conftest.c -lcurl  >&5
Undefined symbols for architecture x86_64:
  "_json_object", referenced from:
      _main in conftest-e7a751.o
ld: symbol(s) not found for architecture x86_64
clang: error: linker command failed with exit code 1 (use -v to see invocation)
configure:4656: $? = 1
configure: failed program was:
| /* confdefs.h */
| #define PACKAGE_NAME "cashwebtools"
| #define PACKAGE_TARNAME "cashwebtools"
| #define PACKAGE_VERSION "0"
| #define PACKAGE_STRING "cashwebtools 0"
| #define PACKAGE_BUGREPORT ""
| #define PACKAGE_URL ""
| #define PACKAGE "cashwebtools"
| #define VERSION "0"
| #define STDC_HEADERS 1
| #define HAVE_SYS_TYPES_H 1
| #define HAVE_SYS_STAT_H 1
| #define HAVE_STDLIB_H 1
| #define HAVE_STRING_H 1
| #define HAVE_MEMORY_H 1
| #define HAVE_STRINGS_H 1
| #define HAVE_INTTYPES_H 1
| #define HAVE_STDINT_H 1
| #define HAVE_UNISTD_H 1
| /* end confdefs.h.  */
| 
| /* Override any GCC internal prototype to avoid an error.
|    Use char because int might match the return type of a GCC
|    builtin and then its argument prototype would still apply.  */
| #ifdef __cplusplus
| extern "C"
| #endif
| char json_object ();
| int
| main ()
| {
| return json_object ();
|   ;
|   return 0;
| }
configure:4656: gcc -o conftest -I/usr/local/Cellar/mongo-c-driver/1.14.0/include/libmongoc-1.0 -I/usr/local/Cellar/mongo-c-driver/1.14.0/include/libbson-1.0 -g -O2  -L/usr/local/Cellar/mongo-c-driver/1.14.0/lib -lmongoc-1.0 -lbson-1.0  conftest.c -ljansson  -lcurl  >&5
configure:4656: $? = 0
configure:4673: result: -ljansson
configure:4685: checking jansson.h usability
configure:4685: gcc -c -I/usr/local/Cellar/mongo-c-driver/1.14.0/include/libmongoc-1.0 -I/usr/local/Cellar/mongo-c-driver/1.14.0/include/libbson-1.0 -g -O2  conftest.c >&5
configure:4685: $? = 0
configure:4685: result: yes
configure:4685: checking jansson.h presence
configure:4685: gcc -E  conftest.c
configure:4685: $? = 0
configure:4685: result: yes
configure:4685: checking for jansson.h
configure:4685: result: yes
configure:4698: checking for library containing MHD_start_daemon
configure:4729: gcc -o conftest -I/usr/local/Cellar/mongo-c-driver/1.14.0/include/libmongoc-1.0 -I/usr/local/Cellar/mongo-c-driver/1.14.0/include/libbson-1.0 -g -O2  -L/usr/local/Cellar/mongo-c-driver/1.14.0/lib -lmongoc-1.0 -lbson-1.0  conftest.c -ljansson -lcurl  >&5
Undefined symbols for architecture x86_64:
  "_MHD_start_daemon", referenced from:
      _main in conftest-a00f7a.o
ld: symbol(s) not found for architecture x86_64
clang: error: linker command failed with exit code 1 (use -v to see invocation)
configure:4729: $? = 1
configure: failed program was:
| /* confdefs.h */
| #define PACKAGE_NAME "cashwebtools"
| #define PACKAGE_TARNAME "cashwebtools"
| #define PACKAGE_VERSION "0"
| #define PACKAGE_STRING "cashwebtools 0"
| #define PACKAGE_BUGREPORT ""
| #define PACKAGE_URL ""
| #define PACKAGE "cashwebtools"
| #define VERSION "0"
| #define STDC_HEADERS 1
| #define HAVE_SYS_TYPES_H 1
| #define HAVE_SYS_STAT_H 1
| #define HAVE_STDLIB_H 1
| #define HAVE_STRING_H 1
| #define HAVE_MEMORY_H 1
| #define HAVE_STRINGS_H 1
| #define HAVE_INTTYPES_H 1
| #define HAVE_STDINT_H 1
| #define HAVE_UNISTD_H 1
| /* end confdefs.h.  */
| 
| /* Override any GCC internal prototype to avoid an error.
|    Use char because int might match the return type of a GCC
|    builtin and then its argument prototype would still apply.  */
| #ifdef __cplusplus
| extern "C"
| #endif
| char MHD_start_daemon ();
| int
| main ()
| {
| return MHD_start_daemon ();
|   ;
|   return 0;
| }
configure:4729: gcc -o conftest -I/usr/local/Cellar/mongo-c-driver/1.14.0/include/libmongoc-1.0 -I/usr/local/Cellar/mongo-c-driver/1.14.0/include/libbson-1.0 -g -O2  -L/usr/local/Cellar/mongo-c-driver/1.14.0/lib -lmongoc-1.0 -lbson-1.0  conftest.c -lmicrohttpd  -ljansson -lcurl  >&5
configure:4729: $? = 0
configure:4746: result: -lmicrohttpd
configure:4758: checking microhttpd.h usability
configure:4758: gcc -c -I/usr/local/Cellar/mongo-c-driver/1.14.0/include/libmongoc-1.0 -I/usr/local/Cellar/mongo-c-driver/1.14.0/include/libbson-1.0 -g -O2  conftest.c >&5
configure:4758: $? = 0
configure:4758: result: yes
configure:4758: checking microhttpd.h presence
configure:4758: gcc -E  conftest.c
configure:4758: $? = 0
configure:4758: result: yes
configure:4758: checking for microhttpd.h
configure:4758: result: yes
configure:4792: checking for library containing uuid_generate_random
configure:4823: gcc -o conftest -I/usr/local/Cellar/mongo-c-driver/1.14.0/include/libmongoc-1.0 -I/usr/local/Cellar/mongo-c-driver/1.14.0/include/libbson-1.0 -g -O2  -L/usr/local/Cellar/mongo-c-driver/1.14.0/lib -lmongoc-1.0 -lbson-1.0  conftest.c -lmicrohttpd -ljansson -lcurl  >&5
configure:4823: $? = 0
configure:4840: result: none required
configure:4852: checking uuid/uuid.h usability
configure:4852: gcc -c -I/usr/local/Cellar/mongo-c-driver/1.14.0/include/libmongoc-1.0 -I/usr/local/Cellar/mongo-c-driver/1.14.0/include/libbson-1.0 -g -O2  conftest.c >&5
configure:4852: $? = 0
configure:4852: result: yes
configure:4852: checking uuid/uuid.h presence
configure:4852: gcc -E  conftest.c
configure:4852: $? = 0
configure:4852: result: yes
configure:4852: checking for uuid/uuid.h
configure:4852: result: yes
configure:4888: checking arpa/inet.h usability
configure:4888: gcc -c -I/usr/local/Cellar/mongo-c-driver/1.14.0/include/libmongoc-1.0 -I/usr/local/Cellar/mongo-c-driver/1.14.0/include/libbson-1.0 -g -O2  conftest.c >&5
configure:4888: $? = 0
configure:4888: result: yes
configure:4888: checking arpa/inet.h presence
configure:4888: gcc -E  conftest.c
configure:4888: $? = 0
configure:4888: result: yes
configure:4888: checking for arpa/inet.h
configure:4888: result: yes
configure:4888: checking for stdlib.h
configure:4888: result: yes
configure:4888: checking for stdint.h
configure:4888: result: yes
configure:4888: checking for string.h
configure:4888: result: yes
configure:4888: checking for unistd.h
configure:4888: result: yes
configure:4900: checking for stdbool.h that conforms to C99
configure:4967: gcc -c -I/usr/local/Cellar/mongo-c-driver/1.14.0/include/libmongoc-1.0 -I/usr/local/Cellar/mongo-c-driver/1.14.0/include/libbson-1.0 -g -O2  conftest.c >&5
conftest.c:75:24: warning: address of 's' will always evaluate to 'true' [-Wpointer-bool-conversion]
             bool e = &s;
                  ~    ^
conftest.c:79:23: warning: address of array 'a' will always evaluate to 'true' [-Wpointer-bool-conversion]
             return (!a + !b + !c + !d + !e + !f + !g + !h + !i + !!j + !k + !!l
                     ~^
conftest.c:79:28: warning: address of array 'b' will always evaluate to 'true' [-Wpointer-bool-conversion]
             return (!a + !b + !c + !d + !e + !f + !g + !h + !i + !!j + !k + !!l
                          ~^
conftest.c:79:33: warning: address of array 'c' will always evaluate to 'true' [-Wpointer-bool-conversion]
             return (!a + !b + !c + !d + !e + !f + !g + !h + !i + !!j + !k + !!l
                               ~^
conftest.c:79:38: warning: address of array 'd' will always evaluate to 'true' [-Wpointer-bool-conversion]
             return (!a + !b + !c + !d + !e + !f + !g + !h + !i + !!j + !k + !!l
                                    ~^
conftest.c:79:48: warning: address of array 'f' will always evaluate to 'true' [-Wpointer-bool-conversion]
             return (!a + !b + !c + !d + !e + !f + !g + !h + !i + !!j + !k + !!l
                                              ~^
conftest.c:79:53: warning: address of array 'g' will always evaluate to 'true' [-Wpointer-bool-conversion]
             return (!a + !b + !c + !d + !e + !f + !g + !h + !i + !!j + !k + !!l
                                                   ~^
conftest.c:79:58: warning: address of array 'h' will always evaluate to 'true' [-Wpointer-bool-conversion]
             return (!a + !b + !c + !d + !e + !f + !g + !h + !i + !!j + !k + !!l
                                                        ~^
conftest.c:79:63: warning: address of array 'i' will always evaluate to 'true' [-Wpointer-bool-conversion]
             return (!a + !b + !c + !d + !e + !f + !g + !h + !i + !!j + !k + !!l
                                                             ~^
conftest.c:80:30: warning: address of array 'n' will always evaluate to 'true' [-Wpointer-bool-conversion]
                            ~^
conftest.c:80:35: warning: address of array 'o' will always evaluate to 'true' [-Wpointer-bool-conversion]
                                 ~^
conftest.c:80:40: warning: address of array 'p' will always evaluate to 'true' [-Wpointer-bool-conversion]
                                      ~^
12 warnings generated.
configure:4967: $? = 0
configure:4974: result: yes
configure:4976: checking for _Bool
configure:4976: gcc -c -I/usr/local/Cellar/mongo-c-driver/1.14.0/include/libmongoc-1.0 -I/usr/local/Cellar/mongo-c-driver/1.14.0/include/libbson-1.0 -g -O2  conftest.c >&5
configure:4976: $? = 0
configure:4976: gcc -c -I/usr/local/Cellar/mongo-c-driver/1.14.0/include/libmongoc-1.0 -I/usr/local/Cellar/mongo-c-driver/1.14.0/include/libbson-1.0 -g -O2  conftest.c >&5
conftest.c:62:20: error: expected expression
if (sizeof ((_Bool)))
                   ^
1 error generated.
configure:4976: $? = 1
configure: failed program was:
| /* confdefs.h */
| #define PACKAGE_NAME "cashwebtools"
| #define PACKAGE_TARNAME "cashwebtools"
| #define PACKAGE_VERSION "0"
| #define PACKAGE_STRING "cashwebtools 0"
| #define PACKAGE_BUGREPORT ""
| #define PACKAGE_URL ""
| #define PACKAGE "cashwebtools"
| #define VERSION "0"
| #define STDC_HEADERS 1
| #define HAVE_SYS_TYPES_H 1
| #define HAVE_SYS_STAT_H 1
| #define HAVE_STDLIB_H 1
| #define HAVE_STRING_H 1
| #define HAVE_MEMORY_H 1
| #define HAVE_STRINGS_H 1
| #define HAVE_INTTYPES_H 1
| #define HAVE_STDINT_H 1
| #define HAVE_UNISTD_H 1
| #define HAVE_ARPA_INET_H 1
| #define HAVE_STDLIB_H 1
| #define HAVE_STDINT_H 1
| #define HAVE_STRING_H 1
| #define HAVE_UNISTD_H 1
| /* end confdefs.h.  */
| #include <stdio.h>
| #ifdef HAVE_SYS_TYPES_H
| # include <sys/types.h>
| #endif
| #ifdef HAVE_SYS_STAT_H
| # include <sys/stat.h>
| #endif
| #ifdef STDC_HEADERS
| # include <stdlib.h>
| # include <stddef.h>
| #else
| # ifdef HAVE_STDLIB_H
| #  include <stdlib.h>
| # endif
| #endif
| #ifdef HAVE_STRING_H
| # if !defined STDC_HEADERS && defined HAVE_MEMORY_H
| #  include <memory.h>
| # endif
| # include <string.h>
| #endif
| #ifdef HAVE_STRINGS_H
| # include <strings.h>
| #endif
| #ifdef HAVE_INTTYPES_H
| # include <inttypes.h>
| #endif
| #ifdef HAVE_STDINT_H
| # include <stdint.h>
| #endif
| #ifdef HAVE_UNISTD_H
| # include <unistd.h>
| #endif
| int
| main ()
| {
| if (sizeof ((_Bool)))
| 	    return 0;
|   ;
|   return 0;
| }
configure:4976: result: yes
configure:4987: checking for inline
configure:5003: gcc -c -I/usr/local/Cellar/mongo-c-driver/1.14.0/include/libmongoc-1.0 -I/usr/local/Cellar/mongo-c-driver/1.14.0/include/libbson-1.0 -g -O2  conftest.c >&5
configure:5003: $? = 0
configure:5011: result: inline
configure:5029: checking for size_t
configure:5029: gcc -c -I/usr/local/Cellar/mongo-c-driver/1.14.0/include/libmongoc-1.0 -I/usr/local/Cellar/mongo-c-driver/1.14.0/include/libbson-1.0 -g -O2  conftest.c >&5
configure:5029: $? = 0
configure:5029: gcc -c -I/usr/local/Cellar/mongo-c-driver/1.14.0/include/libmongoc-1.0 -I/usr/local/Cellar/mongo-c-driver/1.14.0/include/libbson-1.0 -g -O2  conftest.c >&5
conftest.c:63:21: error: expected expression
if (sizeof ((size_t)))
                    ^
1 error generated.
configure:5029: $? = 1
configure: failed program was:
| /* confdefs.h */
| #define PACKAGE_NAME "cashwebtools"
| #define PACKAGE_TARNAME "cashwebtools"
| #define PACKAGE_VERSION "0"
| #define PACKAGE_STRING "cashwebtools 0"
| #define PACKAGE_BUGREPORT ""
| #define PACKAGE_URL ""
| #define PACKAGE "cashwebtools"
| #define VERSION "0"
| #define STDC_HEADERS 1
| #define HAVE_SYS_TYPES_H 1
| #define HAVE_SYS_STAT_H 1
| #define HAVE_STDLIB_H 1
| #define HAVE_STRING_H 1
| #define HAVE_MEMORY_H 1
| #define HAVE_STRINGS_H 1
| #define HAVE_INTTYPES_H 1
| #define HAVE_STDINT_H 1
| #define HAVE_UNISTD_H 1
| #define HAVE_ARPA_INET_H 1
| #define HAVE_STDLIB_H 1
| #define HAVE_STDINT_H 1
| #define HAVE_STRING_H 1
| #define HAVE_UNISTD_H 1
| #define HAVE__BOOL 1
| /* end confdefs.h.  */
| #include <stdio.h>
| #ifdef HAVE_SYS_TYPES_H
| # include <sys/types.h>
| #endif
| #ifdef HAVE_SYS_STAT_H
| # include <sys/stat.h>
| #endif
| #ifdef STDC_HEADERS
| # include <stdlib.h>
| # include <stddef.h>
| #else
| # ifdef HAVE_STDLIB_H
| #  include <stdlib.h>
| # endif
| #endif
| #ifdef HAVE_STRING_H
| # if !defined STDC_HEADERS && defined HAVE_MEMORY_H
| #  include <memory.h>
| # endif
| # include <string.h>
| #endif
| #ifdef HAVE_STRINGS_H
| # include <strings.h>
| #endif
| #ifdef HAVE_INTTYPES_H
| # include <inttypes.h>
| #endif
| #ifdef HAVE_STDINT_H
| # include <stdint.h>
| #endif
| #ifdef HAVE_UNISTD_H
| # include <unistd.h>
| #endif
| int
| main ()
| {
| if (sizeof ((size_t)))
| 	    return 0;
|   ;
|   return 0;
| }
configure:5029: result: yes
configure:5040: checking for uint8_t
configure:5040: gcc -c -I/usr/local/Cellar/mongo-c-driver/1.14.0/include/libmongoc-1.0 -I/usr/local/Cellar/mongo-c-driver/1.14.0/include/libbson-1.0 -g -O2  conftest.c >&5
configure:5040: $? = 0
configure:5040: result: yes
configure:5058: checking for stdlib.h
configure:5058: result: yes
configure:5068: checking for GNU libc compatible malloc
configure:5092: gcc -o conftest -I/usr/local/Cellar/mongo-c-driver/1.14.0/include/libmongoc-1.0 -I/usr/local/Cellar/mongo-c-driver/1.14.0/include/libbson-1.0 -g -O2  -L/usr/local/Cellar/mongo-c-driver/1.14.0/lib -lmongoc-1.0 -lbson-1.0  conftest.c -lmicrohttpd -ljansson -lcurl  >&5
configure:5092: $? = 0
configure:5092: ./conftest
configure:5092: $? = 0
configure:5102: result: yes
configure:5125: checking for stdlib.h
configure:5125: result: yes
configure:5135: checking for GNU libc compatible realloc
configure:5159: gcc -o conftest -I/usr/local/Cellar/mongo-c-driver/1.14.0/include/libmongoc-1.0 -I/usr/local/Cellar/mongo-c-driver/1.14.0/include/libbson-1.0 -g -O2  -L/usr/local/Cellar/mongo-c-driver/1.14.0/lib -lmongoc-1.0 -lbson-1.0  conftest.c -lmicrohttpd -ljansson -lcurl  >&5
configure:5159: $? = 0
configure:5159: ./conftest
configure:5159: $? = 0
configure:5169: result: yes
configure:5193: checking for inet_ntoa
configure:5193: gcc -o conftest -I/usr/local/Cellar/mongo-c-driver/1.14.0/include/libmongoc-1.0 -I/usr/local/Cellar/mongo-c-driver/1.14.0/include/libbson-1.0 -g -O2  -L/usr/local/Cellar/mongo-c-driver/1.14.0/lib -lmongoc-1.0 -lbson-1.0  conftest.c -lmicrohttpd -ljansson -lcurl  >&5
configure:5193: $? = 0
configure:5193: result: yes
configure:5193: checking for memset
configure:5193: gcc -o conftest -I/usr/local/Cellar/mongo-c-driver/1.14.0/include/libmongoc-1.0 -I/usr/local/Cellar/mongo-c-driver/1.14.0/include/libbson-1.0 -g -O2  -L/usr/local/Cellar/mongo-c-driver/1.14.0/lib -lmongoc-1.0 -lbson-1.0  conftest.c -lmicrohttpd -ljansson -lcurl  >&5
conftest.c:55:6: warning: incompatible redeclaration of library function 'memset' [-Wincompatible-library-redeclaration]
char memset ();
     ^
conftest.c:55:6: note: 'memset' is a builtin with type 'void *(void *, int, unsigned long)'
1 warning generated.
configure:5193: $? = 0
configure:5193: result: yes
configure:5193: checking for strstr
configure:5193: gcc -o conftest -I/usr/local/Cellar/mongo-c-driver/1.14.0/include/libmongoc-1.0 -I/usr/local/Cellar/mongo-c-driver/1.14.0/include/libbson-1.0 -g -O2  -L/usr/local/Cellar/mongo-c-driver/1.14.0/lib -lmongoc-1.0 -lbson-1.0  conftest.c -lmicrohttpd -ljansson -lcurl  >&5
conftest.c:56:6: warning: incompatible redeclaration of library function 'strstr' [-Wincompatible-library-redeclaration]
char strstr ();
     ^
conftest.c:56:6: note: 'strstr' is a builtin with type 'char *(const char *, const char *)'
1 warning generated.
configure:5193: $? = 0
configure:5193: result: yes
configure:5193: checking for strtoul
configure:5193: gcc -o conftest -I/usr/local/Cellar/mongo-c-driver/1.14.0/include/libmongoc-1.0 -I/usr/local/Cellar/mongo-c-driver/1.14.0/include/libbson-1.0 -g -O2  -L/usr/local/Cellar/mongo-c-driver/1.14.0/lib -lmongoc-1.0 -lbson-1.0  conftest.c -lmicrohttpd -ljansson -lcurl  >&5
configure:5193: $? = 0
configure:5193: result: yes
configure:5314: checking that generated files are newer than configure
configure:5320: result: done
configure:5359: creating ./config.status

## ---------------------- ##
## Running config.status. ##
## ---------------------- ##

This file was extended by cashwebtools config.status 0, which was
generated by GNU Autoconf 2.69.  Invocation command line was

  CONFIG_FILES    = 
  CONFIG_HEADERS  = 
  CONFIG_LINKS    = 
  CONFIG_COMMANDS = 
  $ ./config.status 

on Kents-MacBook-Pro-3.local

config.status:872: creating Makefile
config.status:872: creating src/Makefile
config.status:872: creating config.h
config.status:1053: config.h is unchanged
config.status:1101: executing depfiles commands
config.status:1178: cd src       && sed -e '/# am--include-marker/d' Makefile         | make -f - am--depfiles
make: Nothing to be done for `am--depfiles'.
config.status:1183: $? = 0

## ---------------- ##
## Cache variables. ##
## ---------------- ##

ac_cv_c_compiler_gnu=yes
ac_cv_c_inline=inline
ac_cv_c_uint8_t=yes
ac_cv_env_CC_set=
ac_cv_env_CC_value=
ac_cv_env_CFLAGS_set=
ac_cv_env_CFLAGS_value=
ac_cv_env_CPPFLAGS_set=
ac_cv_env_CPPFLAGS_value=
ac_cv_env_CPP_set=
ac_cv_env_CPP_value=
ac_cv_env_LDFLAGS_set=
ac_cv_env_LDFLAGS_value=
ac_cv_env_LIBS_set=
ac_cv_env_LIBS_value=
ac_cv_env_build_alias_set=
ac_cv_env_build_alias_value=
ac_cv_env_host_alias_set=
ac_cv_env_host_alias_value=
ac_cv_env_target_alias_set=
ac_cv_env_target_alias_value=
ac_cv_func_inet_ntoa=yes
ac_cv_func_malloc_0_nonnull=yes
ac_cv_func_memset=yes
ac_cv_func_realloc_0_nonnull=yes
ac_cv_func_strstr=yes
ac_cv_func_strtoul=yes
ac_cv_header_arpa_inet_h=yes
ac_cv_header_curl_curl_h=yes
ac_cv_header_inttypes_h=yes
ac_cv_header_jansson_h=yes
ac_cv_header_memory_h=yes
ac_cv_header_microhttpd_h=yes
ac_cv_header_mongoc_h=yes
ac_cv_header_stdbool_h=yes
ac_cv_header_stdc=yes
ac_cv_header_stdint_h=yes
ac_cv_header_stdlib_h=yes
ac_cv_header_string_h=yes
ac_cv_header_strings_h=yes
ac_cv_header_sys_stat_h=yes
ac_cv_header_sys_types_h=yes
ac_cv_header_unistd_h=yes
ac_cv_header_uuid_uuid_h=yes
ac_cv_objext=o
ac_cv_path_EGREP='/usr/bin/grep -E'
ac_cv_path_GREP=/usr/bin/grep
ac_cv_path_install='/usr/local/bin/ginstall -c'
ac_cv_path_mkdir=/usr/local/bin/gmkdir
ac_cv_prog_AWK=awk
ac_cv_prog_CPP='gcc -E'
ac_cv_prog_ac_ct_CC=gcc
ac_cv_prog_ac_ct_RANLIB=ranlib
ac_cv_prog_cc_c89=
ac_cv_prog_cc_g=yes
ac_cv_prog_make_make_set=yes
ac_cv_search_MHD_start_daemon=-lmicrohttpd
ac_cv_search_bson_destroy='none required'
ac_cv_search_curl_easy_init=-lcurl
ac_cv_search_json_object=-ljansson
ac_cv_search_mongoc_init='none required'
ac_cv_search_uuid_generate_random='none required'
ac_cv_type__Bool=yes
ac_cv_type_size_t=yes
am_cv_CC_dependencies_compiler_type=gcc3
am_cv_make_support_nested_variables=yes
am_cv_prog_cc_c_o=yes

## ----------------- ##
## Output variables. ##
## ----------------- ##

ACLOCAL='${SHELL} /Users/kenthall/documents/cashweb/missing aclocal-1.16'
AMDEPBACKSLASH='\'
AMDEP_FALSE='#'
AMDEP_TRUE=''
AMTAR='$${TAR-tar}'
AM_BACKSLASH='\'
AM_DEFAULT_V='$(AM_DEFAULT_VERBOSITY)'
AM_DEFAULT_VERBOSITY='1'
AM_V='$(V)'
AUTOCONF='${SHELL} /Users/kenthall/documents/cashweb/missing autoconf'
AUTOHEADER='${SHELL} /Users/kenthall/documents/cashweb/missing autoheader'
AUTOMAKE='${SHELL} /Users/kenthall/documents/cashweb/missing automake-1.16'
AWK='awk'
CC='gcc'
CCDEPMODE='depmode=gcc3'
CFLAGS='-I/usr/local/Cellar/mongo-c-driver/1.14.0/include/libmongoc-1.0 -I/usr/local/Cellar/mongo-c-driver/1.14.0/include/libbson-1.0 -g -O2'
CPP='gcc -E'
CPPFLAGS=''
CYGPATH_W='echo'
DEFS='-DHAVE_CONFIG_H'
DEPDIR='.deps'
ECHO_C='\c'
ECHO_N=''
ECHO_T=''
EGREP='/usr/bin/grep -E'
EXEEXT=''
GREP='/usr/bin/grep'
INSTALL_DATA='${INSTALL} -m 644'
INSTALL_PROGRAM='${INSTALL}'
INSTALL_SCRIPT='${INSTALL}'
INSTALL_STRIP_PROGRAM='$(install_sh) -c -s'
LDFLAGS='-L/usr/local/Cellar/mongo-c-driver/1.14.0/lib -lmongoc-1.0 -lbson-1.0 '
LIBOBJS=''
LIBS='-lmicrohttpd -ljansson -lcurl '
LTLIBOBJS=''
MAKEINFO='${SHELL} /Users/kenthall/documents/cashweb/missing makeinfo'
MKDIR_P='/usr/local/bin/gmkdir -p'
OBJEXT='o'
PACKAGE='cashwebtools'
PACKAGE_BUGREPORT=''
PACKAGE_NAME='cashwebtools'
PACKAGE_STRING='cashwebtools 0'
PACKAGE_TARNAME='cashwebtools'
PACKAGE_URL=''
PACKAGE_VERSION='0'
PATH_SEPARATOR=':'
RANLIB='ranlib'
SET_MAKE=''
SHELL='/bin/sh'
STRIP=''
VERSION='0'
WITH_CASHSEND_FALSE='#'
WITH_CASHSEND_TRUE=''
WITH_CASHSERVER_FALSE='#'
WITH_CASHSERVER_TRUE=''
ac_ct_CC='gcc'
am__EXEEXT_FALSE=''
am__EXEEXT_TRUE='#'
am__fastdepCC_FALSE='#'
am__fastdepCC_TRUE=''
am__include='include'
am__isrc=''
am__leading_dot='.'
am__nodep='_no'
am__quote=''
am__tar='$${TAR-tar} chof - "$$tardir"'
am__untar='$${TAR-tar} xf -'
bindir='${exec_prefix}/bin'
build_alias=''
datadir='${datarootdir}'
datarootdir='${prefix}/share'
docdir='${datarootdir}/doc/${PACKAGE_TARNAME}'
dvidir='${docdir}'
exec_prefix='${prefix}'
host_alias=''
htmldir='${docdir}'
includedir='${prefix}/include'
infodir='${datarootdir}/info'
install_sh='${SHELL} /Users/kenthall/documents/cashweb/install-sh'
libdir='${exec_prefix}/lib'
libexecdir='${exec_prefix}/libexec'
localedir='${datarootdir}/locale'
localstatedir='${prefix}/var'
mandir='${datarootdir}/man'
mkdir_p='$(MKDIR_P)'
oldincludedir='/usr/include'
pdfdir='${docdir}'
prefix='/usr/local'
program_transform_name='s,x,x,'
psdir='${docdir}'
sbindir='${exec_prefix}/sbin'
sharedstatedir='${prefix}/com'
sysconfdir='${prefix}/etc'
target_alias=''

## ----------- ##
## confdefs.h. ##
## ----------- ##

/* confdefs.h */
#define PACKAGE_NAME "cashwebtools"
#define PACKAGE_TARNAME "cashwebtools"
#define PACKAGE_VERSION "0"
#define PACKAGE_STRING "cashwebtools 0"
#define PACKAGE_BUGREPORT ""
#define PACKAGE_URL ""
#define PACKAGE "cashwebtools"
#define VERSION "0"
#define STDC_HEADERS 1
#define HAVE_SYS_TYPES_H 1
#define HAVE_SYS_STAT_H 1
#define HAVE_STDLIB_H 1
#define HAVE_STRING_H 1
#define HAVE_MEMORY_H 1
#define HAVE_STRINGS_H 1
#define HAVE_INTTYPES_H 1
#define HAVE_STDINT_H 1
#define HAVE_UNISTD_H 1
#define HAVE_ARPA_INET_H 1
#define HAVE_STDLIB_H 1
#define HAVE_STDINT_H 1
#define HAVE_STRING_H 1
#define HAVE_UNISTD_H 1
#define HAVE__BOOL 1
#define HAVE_STDLIB_H 1
#define HAVE_MALLOC 1
#define HAVE_STDLIB_H 1
#define HAVE_REALLOC 1
#define HAVE_INET_NTOA 1
#define HAVE_MEMSET 1
#define HAVE_STRSTR 1
#define HAVE_STRTOUL 1

configure: exit 0
