This file contains any messages produced by compilers while
running configure, to aid debugging if configure makes a mistake.

It was created by jansson configure 2.12, which was
generated by GNU Autoconf 2.69.  Invocation command line was

  $ ./configure --disable-option-checking --prefix=/usr/local --enable-emscripten CXX=/usr/local/Cellar/emscripten/1.38.44/libexec/em++ CC=/usr/local/Cellar/emscripten/1.38.44/libexec/emcc --cache-file=/dev/null --srcdir=.

## --------- ##
## Platform. ##
## --------- ##

hostname = dyn-160-39-255-225.dyn.columbia.edu
uname -m = x86_64
uname -r = 18.2.0
uname -s = Darwin
uname -v = Darwin Kernel Version 18.2.0: Fri Oct  5 19:41:49 PDT 2018; root:xnu-4903.221.2~2/RELEASE_X86_64

/usr/bin/uname -p = i386
/bin/uname -X     = unknown

/bin/arch              = unknown
/usr/bin/arch -k       = unknown
/usr/convex/getsysinfo = unknown
/usr/bin/hostinfo      = Mach kernel version:
	 Darwin Kernel Version 18.2.0: Fri Oct  5 19:41:49 PDT 2018; root:xnu-4903.221.2~2/RELEASE_X86_64
Kernel configured for up to 4 processors.
2 processors are physically available.
4 processors are logically available.
Processor type: x86_64h (Intel x86-64h Haswell)
Processors active: 0 1 2 3
Primary memory available: 8.00 gigabytes
Default processor set: 372 tasks, 1970 threads, 4 processors
Load average: 10.69, Mach factor: 0.41
/bin/machine           = unknown
/usr/bin/oslevel       = unknown
/bin/universe          = unknown

PATH: /usr/local/Cellar/emscripten/1.38.44/libexec/system/bin
PATH: /Users/kenthall/anaconda3/bin
PATH: /Users/kenthall/.rbenv/shims
PATH: /Users/kenthall/.rbenv/shims
PATH: /usr/local/bin
PATH: /usr/bin
PATH: /bin
PATH: /usr/sbin
PATH: /sbin
PATH: /Library/TeX/texbin
PATH: /Library/Frameworks/Mono.framework/Versions/Current/Commands


## ----------- ##
## Core tests. ##
## ----------- ##

configure:2410: checking for a BSD-compatible install
configure:2478: result: /usr/local/bin/ginstall -c
configure:2489: checking whether build environment is sane
configure:2544: result: yes
configure:2695: checking for a thread-safe mkdir -p
configure:2734: result: /usr/local/bin/gmkdir -p
configure:2741: checking for gawk
configure:2771: result: no
configure:2741: checking for mawk
configure:2771: result: no
configure:2741: checking for nawk
configure:2771: result: no
configure:2741: checking for awk
configure:2757: found /usr/bin/awk
configure:2768: result: awk
configure:2779: checking whether make sets $(MAKE)
configure:2801: result: yes
configure:2830: checking whether make supports nested variables
configure:2847: result: yes
configure:3027: checking for gcc
configure:3054: result: /usr/local/Cellar/emscripten/1.38.44/libexec/emcc
configure:3283: checking for C compiler version
configure:3292: /usr/local/Cellar/emscripten/1.38.44/libexec/emcc --version >&5
emcc (Emscripten gcc/clang-like replacement) 1.38.44 ((unknown revision))
Copyright (C) 2014 the Emscripten authors (see AUTHORS.txt)
This is free and open source software under the MIT license.
There is NO warranty; not even for MERCHANTABILITY or FITNESS FOR A PARTICULAR PURPOSE.
  
configure:3303: $? = 0
configure:3292: /usr/local/Cellar/emscripten/1.38.44/libexec/emcc -v >&5
clang version 10.0.0 (/b/s/w/ir/cache/git/chromium.googlesource.com-external-github.com-llvm-llvm--project f145456fc4a4a9938630daab41969da2be8208db)
Target: x86_64-apple-darwin18.2.0
Thread model: posix
InstalledDir: /Users/kenthall/emsdk/upstream/bin
emcc (Emscripten gcc/clang-like replacement + linker emulating GNU ld) 1.38.44
shared:INFO: (Emscripten: Running sanity checks)
configure:3303: $? = 0
configure:3292: /usr/local/Cellar/emscripten/1.38.44/libexec/emcc -V >&5
shared:ERROR: no input files
note that input files without a known suffix are ignored, make sure your input files end with one of: ('.c', '.C', '.i', '.cpp', '.cxx', '.cc', '.c++', '.CPP', '.CXX', '.CC', '.C++', '.ii', '.m', '.mi', '.mm', '.mii', '/dev/null', '.bc', '.o', '.obj', '.lo', '.dylib', '.so', '.a', '.ll', '.h', '.hxx', '.hpp', '.hh', '.H', '.HXX', '.HPP', '.HH')
configure:3303: $? = 1
configure:3292: /usr/local/Cellar/emscripten/1.38.44/libexec/emcc -qversion >&5
shared:ERROR: no input files
note that input files without a known suffix are ignored, make sure your input files end with one of: ('.c', '.C', '.i', '.cpp', '.cxx', '.cc', '.c++', '.CPP', '.CXX', '.CC', '.C++', '.ii', '.m', '.mi', '.mm', '.mii', '/dev/null', '.bc', '.o', '.obj', '.lo', '.dylib', '.so', '.a', '.ll', '.h', '.hxx', '.hpp', '.hh', '.H', '.HXX', '.HPP', '.HH')
configure:3303: $? = 1
configure:3323: checking whether the C compiler works
configure:3345: /usr/local/Cellar/emscripten/1.38.44/libexec/emcc    conftest.c  >&5
configure:3349: $? = 0
configure:3397: result: yes
configure:3400: checking for C compiler default output file name
configure:3402: result: a.out
configure:3408: checking for suffix of executables
configure:3415: /usr/local/Cellar/emscripten/1.38.44/libexec/emcc -o conftest    conftest.c  >&5
configure:3419: $? = 0
configure:3441: result: 
configure:3463: checking whether we are cross compiling
configure:3471: /usr/local/Cellar/emscripten/1.38.44/libexec/emcc -o conftest    conftest.c  >&5
configure:3475: $? = 0
configure:3482: ./conftest
configure:3486: $? = 0
configure:3501: result: no
configure:3506: checking for suffix of object files
configure:3528: /usr/local/Cellar/emscripten/1.38.44/libexec/emcc -c   conftest.c >&5
configure:3532: $? = 0
configure:3553: result: o
configure:3557: checking whether we are using the GNU C compiler
configure:3576: /usr/local/Cellar/emscripten/1.38.44/libexec/emcc -c   conftest.c >&5
configure:3576: $? = 0
configure:3585: result: yes
configure:3594: checking whether /usr/local/Cellar/emscripten/1.38.44/libexec/emcc accepts -g
configure:3614: /usr/local/Cellar/emscripten/1.38.44/libexec/emcc -c -g  conftest.c >&5
configure:3614: $? = 0
configure:3655: result: yes
configure:3672: checking for /usr/local/Cellar/emscripten/1.38.44/libexec/emcc option to accept ISO C89
configure:3735: /usr/local/Cellar/emscripten/1.38.44/libexec/emcc  -c -g -O2  conftest.c >&5
configure:3735: $? = 0
configure:3748: result: none needed
configure:3773: checking whether /usr/local/Cellar/emscripten/1.38.44/libexec/emcc understands -c and -o together
configure:3795: /usr/local/Cellar/emscripten/1.38.44/libexec/emcc -c conftest.c -o conftest2.o
configure:3798: $? = 0
configure:3795: /usr/local/Cellar/emscripten/1.38.44/libexec/emcc -c conftest.c -o conftest2.o
configure:3798: $? = 0
configure:3810: result: yes
configure:3830: checking whether make supports the include directive
configure:3845: make -f confmf.GNU && cat confinc.out
this is the am__doit target
configure:3848: $? = 0
configure:3867: result: yes (GNU style)
configure:3892: checking dependency style of /usr/local/Cellar/emscripten/1.38.44/libexec/emcc
configure:4003: result: gcc3
configure:4047: checking build system type
configure:4061: result: x86_64-apple-darwin18.2.0
configure:4081: checking host system type
configure:4094: result: x86_64-apple-darwin18.2.0
configure:4135: checking how to print strings
configure:4162: result: printf
configure:4183: checking for a sed that does not truncate output
configure:4247: result: /usr/bin/sed
configure:4265: checking for grep that handles long lines and -e
configure:4323: result: /usr/bin/grep
configure:4328: checking for egrep
configure:4390: result: /usr/bin/grep -E
configure:4395: checking for fgrep
configure:4457: result: /usr/bin/grep -F
configure:4492: checking for ld used by /usr/local/Cellar/emscripten/1.38.44/libexec/emcc
shared:ERROR: no input files
note that input files without a known suffix are ignored, make sure your input files end with one of: ('.c', '.C', '.i', '.cpp', '.cxx', '.cc', '.c++', '.CPP', '.CXX', '.CC', '.C++', '.ii', '.m', '.mi', '.mm', '.mii', '/dev/null', '.bc', '.o', '.obj', '.lo', '.dylib', '.so', '.a', '.ll', '.h', '.hxx', '.hpp', '.hh', '.H', '.HXX', '.HPP', '.HH')
configure:4559: result: /usr/local/Cellar/emscripten/1.38.44/libexec/emcc
configure:4566: checking if the linker (/usr/local/Cellar/emscripten/1.38.44/libexec/emcc) is GNU ld
configure:4581: result: yes
configure:4593: checking for BSD- or MS-compatible name lister (nm)
configure:4647: result: /Users/kenthall/emsdk/upstream/bin/llvm-nm
configure:4777: checking the name lister (/Users/kenthall/emsdk/upstream/bin/llvm-nm) interface
configure:4784: /usr/local/Cellar/emscripten/1.38.44/libexec/emcc -c -g -O2  conftest.c >&5
configure:4787: /Users/kenthall/emsdk/upstream/bin/llvm-nm "conftest.o"
configure:4790: output
00000000 d .debug_abbrev
00000000 d .debug_line
00000000 d .debug_str
00000000 D some_variable
configure:4797: result: BSD nm
configure:4800: checking whether ln -s works
configure:4804: result: yes
configure:4812: checking the maximum length of command line arguments
configure:4943: result: 196608
configure:4991: checking how to convert x86_64-apple-darwin18.2.0 file names to x86_64-apple-darwin18.2.0 format
configure:5031: result: func_convert_file_noop
configure:5038: checking how to convert x86_64-apple-darwin18.2.0 file names to toolchain format
configure:5058: result: func_convert_file_noop
configure:5065: checking for /usr/local/Cellar/emscripten/1.38.44/libexec/emcc option to reload object files
configure:5072: result: -r
configure:5146: checking for objdump
configure:5162: found /usr/bin/objdump
configure:5173: result: objdump
configure:5205: checking how to recognize dependent libraries
configure:5405: result: pass_all
configure:5490: checking for dlltool
configure:5520: result: no
configure:5550: checking how to associate runtime and link libraries
configure:5577: result: printf %s\n
configure:5702: checking for archiver @FILE support
configure:5719: /usr/local/Cellar/emscripten/1.38.44/libexec/emcc -c -g -O2  conftest.c >&5
configure:5719: $? = 0
configure:5722: /usr/local/Cellar/emscripten/1.38.44/libexec/emar cru libconftest.a @conftest.lst >&5
configure:5725: $? = 0
configure:5730: /usr/local/Cellar/emscripten/1.38.44/libexec/emar cru libconftest.a @conftest.lst >&5
/Users/kenthall/emsdk/upstream/bin/llvm-ar: error: conftest.o: No such file or directory.

OVERVIEW: LLVM Archiver

USAGE: llvm-ar [options] [-]<operation>[modifiers] [relpos] [count] <archive> [files]
       llvm-ar -M [<mri-script]

OPTIONS:
  --format              - Archive format to create
    =default            -   default
    =gnu                -   gnu
    =darwin             -   darwin
    =bsd                -   bsd
  --plugin=<string>     - Ignored for compatibility
  --help                - Display available options
  --version             - Display the version of this program
  @<file>               - read options from <file>

OPERATIONS:
  d - delete [files] from the archive
  m - move [files] in the archive
  p - print [files] found in the archive
  q - quick append [files] to the archive
  r - replace or insert [files] into the archive
  s - act as ranlib
  t - display contents of archive
  x - extract [files] from the archive

MODIFIERS:
  [a] - put [files] after [relpos]
  [b] - put [files] before [relpos] (same as [i])
  [c] - do not warn if archive had to be created
  [D] - use zero for timestamps and uids/gids (default)
  [i] - put [files] before [relpos] (same as [b])
  [l] - ignored for compatibility
  [L] - add archive's contents
  [N] - use instance [count] of name
  [o] - preserve original dates
  [P] - use full names when matching (implied for thin archives)
  [s] - create an archive index (cf. ranlib)
  [S] - do not build a symbol table
  [T] - create a thin archive
  [u] - update only [files] newer than archive contents
  [U] - use actual timestamps and uids/gids
  [v] - be verbose about actions taken
configure:5733: $? = 1
configure:5745: result: @
configure:5803: checking for strip
configure:5819: found /usr/bin/strip
configure:5830: result: strip
configure:5902: checking for ranlib
configure:5929: result: /usr/local/Cellar/emscripten/1.38.44/libexec/emranlib
configure:6031: checking command to parse /Users/kenthall/emsdk/upstream/bin/llvm-nm output from /usr/local/Cellar/emscripten/1.38.44/libexec/emcc object
configure:6184: /usr/local/Cellar/emscripten/1.38.44/libexec/emcc -c -g -O2  conftest.c >&5
configure:6187: $? = 0
configure:6191: /Users/kenthall/emsdk/upstream/bin/llvm-nm conftest.o \| sed -n -e 's/^.*[ ]\([BCDEGRST][BCDEGRST]*\)[ ][ ]*\([_A-Za-z][_A-Za-z0-9]*\)$/\1 \2 \2/p' | sed '/ __gnu_lto/d' \> conftest.nm
configure:6194: $? = 0
configure:6260: /usr/local/Cellar/emscripten/1.38.44/libexec/emcc -o conftest -g -O2   conftest.c conftstm.o >&5
emscripten:WARNING: Wasm source map won't be usable in a browser without --source-map-base
configure:6263: $? = 0
configure:6301: result: ok
configure:6348: checking for sysroot
configure:6378: result: no
configure:6385: checking for a working dd
configure:6423: result: /bin/dd
configure:6427: checking how to truncate binary pipes
configure:6442: result: /bin/dd bs=4096 count=1
configure:6771: checking for mt
configure:6801: result: no
configure:6821: checking if : is a manifest tool
configure:6827: : '-?'
configure:6835: result: no
configure:6891: checking for dsymutil
configure:6907: found /usr/bin/dsymutil
configure:6918: result: dsymutil
configure:6983: checking for nmedit
configure:6999: found /usr/bin/nmedit
configure:7010: result: nmedit
configure:7075: checking for lipo
configure:7091: found /usr/bin/lipo
configure:7102: result: lipo
configure:7167: checking for otool
configure:7183: found /usr/bin/otool
configure:7194: result: otool
configure:7259: checking for otool64
configure:7289: result: no
configure:7334: checking for -single_module linker flag
/usr/local/Cellar/emscripten/1.38.44/libexec/emcc -g -O2  -o libconftest.dylib -dynamiclib -Wl,-single_module conftest.c
clang-10: warning: argument unused during compilation: '-dynamiclib' [-Wunused-command-line-argument]
wasm-ld: error: unknown argument: -single_module
shared:ERROR: '/Users/kenthall/emsdk/upstream/bin/wasm-ld -o /var/folders/gt/gmgcvj394ysbbmq_rzfrgmhw0000gn/T/emscripten_temp_3ea353bj/libconftest.dylib.wasm --allow-undefined --import-memory --import-table --lto-O0 -single_module /var/folders/gt/gmgcvj394ysbbmq_rzfrgmhw0000gn/T/emscripten_temp_3ea353bj/conftest_0.o /Users/kenthall/.emscripten_cache/wasm-obj/libc.a /Users/kenthall/.emscripten_cache/wasm-obj/libcompiler_rt.a /Users/kenthall/.emscripten_cache/wasm-obj/libc-wasm.a /Users/kenthall/.emscripten_cache/wasm-obj/libdlmalloc-debug.a /Users/kenthall/.emscripten_cache/wasm-obj/libpthreads_stub.a /Users/kenthall/.emscripten_cache/wasm-obj/libcompiler_rt_wasm.a /Users/kenthall/.emscripten_cache/wasm-obj/libc_rt_wasm.a -mllvm -combiner-global-alias-analysis=false -mllvm -enable-emscripten-sjlj -mllvm -disable-lsr --export __wasm_call_ctors --export __data_end --export main --export malloc --export free --export setThrew --export __errno_location --export fflush -z stack-size=5242880 --initial-memory=16777216 --no-entry --max-memory=16777216 --global-base=1024' failed (1)
configure:7367: result: no
configure:7370: checking for -exported_symbols_list linker flag
configure:7390: /usr/local/Cellar/emscripten/1.38.44/libexec/emcc -o conftest -g -O2   -Wl,-exported_symbols_list,conftest.sym conftest.c  >&5
wasm-ld: error: unknown file type: conftest.sym
shared:ERROR: '/Users/kenthall/emsdk/upstream/bin/wasm-ld -o /var/folders/gt/gmgcvj394ysbbmq_rzfrgmhw0000gn/T/emscripten_temp_iqkhvnf4/conftest.wasm --allow-undefined --import-memory --import-table --lto-O0 -exported_symbols_list conftest.sym /var/folders/gt/gmgcvj394ysbbmq_rzfrgmhw0000gn/T/emscripten_temp_iqkhvnf4/conftest_0.o /Users/kenthall/.emscripten_cache/wasm-obj/libc.a /Users/kenthall/.emscripten_cache/wasm-obj/libcompiler_rt.a /Users/kenthall/.emscripten_cache/wasm-obj/libc-wasm.a /Users/kenthall/.emscripten_cache/wasm-obj/libdlmalloc-debug.a /Users/kenthall/.emscripten_cache/wasm-obj/libpthreads_stub.a /Users/kenthall/.emscripten_cache/wasm-obj/libcompiler_rt_wasm.a /Users/kenthall/.emscripten_cache/wasm-obj/libc_rt_wasm.a -mllvm -combiner-global-alias-analysis=false -mllvm -enable-emscripten-sjlj -mllvm -disable-lsr --export __wasm_call_ctors --export __data_end --export main --export malloc --export free --export setThrew --export __errno_location --export fflush -z stack-size=5242880 --initial-memory=16777216 --no-entry --max-memory=16777216 --global-base=1024' failed (1)
configure:7390: $? = 1
configure: failed program was:
| /* confdefs.h */
| #define PACKAGE_NAME "jansson"
| #define PACKAGE_TARNAME "jansson"
| #define PACKAGE_VERSION "2.12"
| #define PACKAGE_STRING "jansson 2.12"
| #define PACKAGE_BUGREPORT "petri@digip.org"
| #define PACKAGE_URL ""
| #define PACKAGE "jansson"
| #define VERSION "2.12"
| /* end confdefs.h.  */
| 
| int
| main ()
| {
| 
|   ;
|   return 0;
| }
configure:7400: result: no
configure:7403: checking for -force_load linker flag
/usr/local/Cellar/emscripten/1.38.44/libexec/emcc -g -O2 -c -o conftest.o conftest.c
/usr/local/Cellar/emscripten/1.38.44/libexec/emar cru libconftest.a conftest.o
/usr/local/Cellar/emscripten/1.38.44/libexec/emranlib libconftest.a
/usr/local/Cellar/emscripten/1.38.44/libexec/emcc -g -O2  -o conftest conftest.c -Wl,-force_load,./libconftest.a
wasm-ld: error: unknown argument: -force_load
shared:ERROR: '/Users/kenthall/emsdk/upstream/bin/wasm-ld -o /var/folders/gt/gmgcvj394ysbbmq_rzfrgmhw0000gn/T/emscripten_temp_4owjqmb3/conftest.wasm --allow-undefined --import-memory --import-table --lto-O0 /var/folders/gt/gmgcvj394ysbbmq_rzfrgmhw0000gn/T/emscripten_temp_4owjqmb3/conftest_0.o -force_load ./libconftest.a /Users/kenthall/.emscripten_cache/wasm-obj/libc.a /Users/kenthall/.emscripten_cache/wasm-obj/libcompiler_rt.a /Users/kenthall/.emscripten_cache/wasm-obj/libc-wasm.a /Users/kenthall/.emscripten_cache/wasm-obj/libdlmalloc-debug.a /Users/kenthall/.emscripten_cache/wasm-obj/libpthreads_stub.a /Users/kenthall/.emscripten_cache/wasm-obj/libcompiler_rt_wasm.a /Users/kenthall/.emscripten_cache/wasm-obj/libc_rt_wasm.a -mllvm -combiner-global-alias-analysis=false -mllvm -enable-emscripten-sjlj -mllvm -disable-lsr --export __wasm_call_ctors --export __data_end --export main --export malloc --export free --export setThrew --export __errno_location --export fflush -z stack-size=5242880 --initial-memory=16777216 --no-entry --max-memory=16777216 --global-base=1024' failed (1)
configure:7435: result: no
configure:7512: checking how to run the C preprocessor
configure:7543: /usr/local/Cellar/emscripten/1.38.44/libexec/emcc -E  conftest.c
configure:7543: $? = 0
configure:7557: /usr/local/Cellar/emscripten/1.38.44/libexec/emcc -E  conftest.c
conftest.c:11:10: fatal error: 'ac_nonexistent.h' file not found
#include <ac_nonexistent.h>
         ^~~~~~~~~~~~~~~~~~
1 error generated.
configure:7557: $? = 1
configure: failed program was:
| /* confdefs.h */
| #define PACKAGE_NAME "jansson"
| #define PACKAGE_TARNAME "jansson"
| #define PACKAGE_VERSION "2.12"
| #define PACKAGE_STRING "jansson 2.12"
| #define PACKAGE_BUGREPORT "petri@digip.org"
| #define PACKAGE_URL ""
| #define PACKAGE "jansson"
| #define VERSION "2.12"
| /* end confdefs.h.  */
| #include <ac_nonexistent.h>
configure:7582: result: /usr/local/Cellar/emscripten/1.38.44/libexec/emcc -E
configure:7602: /usr/local/Cellar/emscripten/1.38.44/libexec/emcc -E  conftest.c
configure:7602: $? = 0
configure:7616: /usr/local/Cellar/emscripten/1.38.44/libexec/emcc -E  conftest.c
conftest.c:11:10: fatal error: 'ac_nonexistent.h' file not found
#include <ac_nonexistent.h>
         ^~~~~~~~~~~~~~~~~~
1 error generated.
configure:7616: $? = 1
configure: failed program was:
| /* confdefs.h */
| #define PACKAGE_NAME "jansson"
| #define PACKAGE_TARNAME "jansson"
| #define PACKAGE_VERSION "2.12"
| #define PACKAGE_STRING "jansson 2.12"
| #define PACKAGE_BUGREPORT "petri@digip.org"
| #define PACKAGE_URL ""
| #define PACKAGE "jansson"
| #define VERSION "2.12"
| /* end confdefs.h.  */
| #include <ac_nonexistent.h>
configure:7645: checking for ANSI C header files
configure:7665: /usr/local/Cellar/emscripten/1.38.44/libexec/emcc -c -g -O2  conftest.c >&5
configure:7665: $? = 0
configure:7738: /usr/local/Cellar/emscripten/1.38.44/libexec/emcc -o conftest -g -O2   conftest.c  >&5
emscripten:WARNING: Wasm source map won't be usable in a browser without --source-map-base
configure:7738: $? = 0
configure:7738: ./conftest
configure:7738: $? = 0
configure:7749: result: yes
configure:7762: checking for sys/types.h
configure:7762: /usr/local/Cellar/emscripten/1.38.44/libexec/emcc -c -g -O2  conftest.c >&5
configure:7762: $? = 0
configure:7762: result: yes
configure:7762: checking for sys/stat.h
configure:7762: /usr/local/Cellar/emscripten/1.38.44/libexec/emcc -c -g -O2  conftest.c >&5
configure:7762: $? = 0
configure:7762: result: yes
configure:7762: checking for stdlib.h
configure:7762: /usr/local/Cellar/emscripten/1.38.44/libexec/emcc -c -g -O2  conftest.c >&5
configure:7762: $? = 0
configure:7762: result: yes
configure:7762: checking for string.h
configure:7762: /usr/local/Cellar/emscripten/1.38.44/libexec/emcc -c -g -O2  conftest.c >&5
configure:7762: $? = 0
configure:7762: result: yes
configure:7762: checking for memory.h
configure:7762: /usr/local/Cellar/emscripten/1.38.44/libexec/emcc -c -g -O2  conftest.c >&5
configure:7762: $? = 0
configure:7762: result: yes
configure:7762: checking for strings.h
configure:7762: /usr/local/Cellar/emscripten/1.38.44/libexec/emcc -c -g -O2  conftest.c >&5
configure:7762: $? = 0
configure:7762: result: yes
configure:7762: checking for inttypes.h
configure:7762: /usr/local/Cellar/emscripten/1.38.44/libexec/emcc -c -g -O2  conftest.c >&5
configure:7762: $? = 0
configure:7762: result: yes
configure:7762: checking for stdint.h
configure:7762: /usr/local/Cellar/emscripten/1.38.44/libexec/emcc -c -g -O2  conftest.c >&5
configure:7762: $? = 0
configure:7762: result: yes
configure:7762: checking for unistd.h
configure:7762: /usr/local/Cellar/emscripten/1.38.44/libexec/emcc -c -g -O2  conftest.c >&5
configure:7762: $? = 0
configure:7762: result: yes
configure:7776: checking for dlfcn.h
configure:7776: /usr/local/Cellar/emscripten/1.38.44/libexec/emcc -c -g -O2  conftest.c >&5
configure:7776: $? = 0
configure:7776: result: yes
configure:8032: checking for objdir
configure:8047: result: .libs
configure:8307: checking if /usr/local/Cellar/emscripten/1.38.44/libexec/emcc supports -fno-rtti -fno-exceptions
configure:8325: /usr/local/Cellar/emscripten/1.38.44/libexec/emcc -c -g -O2  -fno-rtti -fno-exceptions conftest.c >&5
configure:8329: $? = 0
configure:8342: result: yes
configure:8700: checking for /usr/local/Cellar/emscripten/1.38.44/libexec/emcc option to produce PIC
configure:8707: result: -fno-common -DPIC
configure:8715: checking if /usr/local/Cellar/emscripten/1.38.44/libexec/emcc PIC flag -fno-common -DPIC works
configure:8733: /usr/local/Cellar/emscripten/1.38.44/libexec/emcc -c -g -O2  -fno-common -DPIC -DPIC conftest.c >&5
configure:8737: $? = 0
configure:8750: result: yes
configure:8779: checking if /usr/local/Cellar/emscripten/1.38.44/libexec/emcc static flag -static works
emscripten:WARNING: Wasm source map won't be usable in a browser without --source-map-base
configure:8807: result: yes
configure:8822: checking if /usr/local/Cellar/emscripten/1.38.44/libexec/emcc supports -c -o file.o
configure:8843: /usr/local/Cellar/emscripten/1.38.44/libexec/emcc -c -g -O2  -o out/conftest2.o conftest.c >&5
configure:8847: $? = 0
configure:8869: result: yes
configure:8877: checking if /usr/local/Cellar/emscripten/1.38.44/libexec/emcc supports -c -o file.o
configure:8924: result: yes
configure:8957: checking whether the /usr/local/Cellar/emscripten/1.38.44/libexec/emcc linker (/usr/local/Cellar/emscripten/1.38.44/libexec/emcc) supports shared libraries
configure:10216: result: yes
configure:10253: checking whether -lc should be explicitly linked in
configure:10261: /usr/local/Cellar/emscripten/1.38.44/libexec/emcc -c -g -O2  conftest.c >&5
configure:10264: $? = 0
configure:10279: /usr/local/Cellar/emscripten/1.38.44/libexec/emcc -shared  -fno-common -DPIC conftest.o  -v -Wl,-soname -Wl,conftest -o conftest 2\>\&1 \| /usr/bin/grep  -lc  \>/dev/null 2\>\&1
configure:10282: $? = 1
configure:10296: result: yes
configure:10456: checking dynamic linker characteristics
configure:11274: result: darwin18.2.0 dyld
configure:11396: checking how to hardcode library paths into programs
configure:11421: result: immediate
configure:11969: checking whether stripping libraries is possible
configure:11983: result: yes
configure:12009: checking if libtool supports shared libraries
configure:12011: result: yes
configure:12014: checking whether to build shared libraries
configure:12039: result: yes
configure:12042: checking whether to build static libraries
configure:12046: result: yes
configure:12098: checking endian.h usability
configure:12098: /usr/local/Cellar/emscripten/1.38.44/libexec/emcc -c -g -O2  conftest.c >&5
configure:12098: $? = 0
configure:12098: result: yes
configure:12098: checking endian.h presence
configure:12098: /usr/local/Cellar/emscripten/1.38.44/libexec/emcc -E  conftest.c
configure:12098: $? = 0
configure:12098: result: yes
configure:12098: checking for endian.h
configure:12098: result: yes
configure:12098: checking fcntl.h usability
configure:12098: /usr/local/Cellar/emscripten/1.38.44/libexec/emcc -c -g -O2  conftest.c >&5
configure:12098: $? = 0
configure:12098: result: yes
configure:12098: checking fcntl.h presence
configure:12098: /usr/local/Cellar/emscripten/1.38.44/libexec/emcc -E  conftest.c
configure:12098: $? = 0
configure:12098: result: yes
configure:12098: checking for fcntl.h
configure:12098: result: yes
configure:12098: checking locale.h usability
configure:12098: /usr/local/Cellar/emscripten/1.38.44/libexec/emcc -c -g -O2  conftest.c >&5
configure:12098: $? = 0
configure:12098: result: yes
configure:12098: checking locale.h presence
configure:12098: /usr/local/Cellar/emscripten/1.38.44/libexec/emcc -E  conftest.c
configure:12098: $? = 0
configure:12098: result: yes
configure:12098: checking for locale.h
configure:12098: result: yes
configure:12098: checking sched.h usability
configure:12098: /usr/local/Cellar/emscripten/1.38.44/libexec/emcc -c -g -O2  conftest.c >&5
configure:12098: $? = 0
configure:12098: result: yes
configure:12098: checking sched.h presence
configure:12098: /usr/local/Cellar/emscripten/1.38.44/libexec/emcc -E  conftest.c
configure:12098: $? = 0
configure:12098: result: yes
configure:12098: checking for sched.h
configure:12098: result: yes
configure:12098: checking for unistd.h
configure:12098: result: yes
configure:12098: checking sys/param.h usability
configure:12098: /usr/local/Cellar/emscripten/1.38.44/libexec/emcc -c -g -O2  conftest.c >&5
configure:12098: $? = 0
configure:12098: result: yes
configure:12098: checking sys/param.h presence
configure:12098: /usr/local/Cellar/emscripten/1.38.44/libexec/emcc -E  conftest.c
configure:12098: $? = 0
configure:12098: result: yes
configure:12098: checking for sys/param.h
configure:12098: result: yes
configure:12098: checking for sys/stat.h
configure:12098: result: yes
configure:12098: checking sys/time.h usability
configure:12098: /usr/local/Cellar/emscripten/1.38.44/libexec/emcc -c -g -O2  conftest.c >&5
configure:12098: $? = 0
configure:12098: result: yes
configure:12098: checking sys/time.h presence
configure:12098: /usr/local/Cellar/emscripten/1.38.44/libexec/emcc -E  conftest.c
configure:12098: $? = 0
configure:12098: result: yes
configure:12098: checking for sys/time.h
configure:12098: result: yes
configure:12098: checking for sys/types.h
configure:12098: result: yes
configure:12110: checking for int32_t
configure:12110: /usr/local/Cellar/emscripten/1.38.44/libexec/emcc -c -g -O2  conftest.c >&5
configure:12110: $? = 0
configure:12110: /usr/local/Cellar/emscripten/1.38.44/libexec/emcc -c -g -O2  conftest.c >&5
conftest.c:70:53: warning: overflow in expression; result is -2147483648 with type 'int' [-Winteger-overflow]
                 < (int32_t) (((((int32_t) 1 << N) << N) - 1) * 2 + 2))];
                                                                  ^
conftest.c:69:24: error: 'test_array' declared as an array with a negative size
static int test_array [1 - 2 * !((int32_t) (((((int32_t) 1 << N) << N) - 1) * 2 + 1)
                       ^~~~~~~~~~~~~~~~~~~~~~~~~~~~~~~~~~~~~~~~~~~~~~~~~~~~~~~~~~~~~
1 warning and 1 error generated.
shared:ERROR: '/Users/kenthall/emsdk/upstream/bin/clang -target wasm32-unknown-emscripten -D__EMSCRIPTEN_major__=1 -D__EMSCRIPTEN_minor__=38 -D__EMSCRIPTEN_tiny__=44 -D_LIBCPP_ABI_VERSION=2 -Dunix -D__unix -D__unix__ -Werror=implicit-function-declaration -Xclang -nostdsysteminc -Xclang -isystem/usr/local/Cellar/emscripten/1.38.44/libexec/system/include/libcxx -Xclang -isystem/usr/local/Cellar/emscripten/1.38.44/libexec/system/lib/libcxxabi/include -Xclang -isystem/usr/local/Cellar/emscripten/1.38.44/libexec/system/include/compat -Xclang -isystem/usr/local/Cellar/emscripten/1.38.44/libexec/system/include -Xclang -isystem/usr/local/Cellar/emscripten/1.38.44/libexec/system/include/libc -Xclang -isystem/usr/local/Cellar/emscripten/1.38.44/libexec/system/lib/libc/musl/arch/emscripten -Xclang -isystem/usr/local/Cellar/emscripten/1.38.44/libexec/system/local/include -DEMSCRIPTEN -c -O2 -g conftest.c -Xclang -isystem/usr/local/Cellar/emscripten/1.38.44/libexec/system/include/SDL -c -o conftest.o -mllvm -combiner-global-alias-analysis=false -mllvm -enable-emscripten-sjlj -mllvm -disable-lsr' failed (1)
configure:12110: $? = 1
configure: failed program was:
| /* confdefs.h */
| #define PACKAGE_NAME "jansson"
| #define PACKAGE_TARNAME "jansson"
| #define PACKAGE_VERSION "2.12"
| #define PACKAGE_STRING "jansson 2.12"
| #define PACKAGE_BUGREPORT "petri@digip.org"
| #define PACKAGE_URL ""
| #define PACKAGE "jansson"
| #define VERSION "2.12"
| #define STDC_HEADERS 1
| #define HAVE_SYS_TYPES_H 1
| #define HAVE_SYS_STAT_H 1
| #define HAVE_STDLIB_H 1
| #define HAVE_STRING_H 1
| #define HAVE_MEMORY_H 1
| #define HAVE_STRINGS_H 1
| #define HAVE_INTTYPES_H 1
| #define HAVE_STDINT_H 1
| #define HAVE_UNISTD_H 1
| #define HAVE_DLFCN_H 1
| #define LT_OBJDIR ".libs/"
| #define HAVE_ENDIAN_H 1
| #define HAVE_FCNTL_H 1
| #define HAVE_LOCALE_H 1
| #define HAVE_SCHED_H 1
| #define HAVE_UNISTD_H 1
| #define HAVE_SYS_PARAM_H 1
| #define HAVE_SYS_STAT_H 1
| #define HAVE_SYS_TIME_H 1
| #define HAVE_SYS_TYPES_H 1
| /* end confdefs.h.  */
| #include <stdio.h>
| #ifdef HAVE_SYS_TYPES_H
| # include <sys/types.h>
| #endif
| #ifdef HAVE_SYS_STAT_H
| # include <sys/stat.h>
| #endif
| #ifdef STDC_HEADERS
| # include <stdlib.h>
| # include <stddef.h>
| #else
| # ifdef HAVE_STDLIB_H
| #  include <stdlib.h>
| # endif
| #endif
| #ifdef HAVE_STRING_H
| # if !defined STDC_HEADERS && defined HAVE_MEMORY_H
| #  include <memory.h>
| # endif
| # include <string.h>
| #endif
| #ifdef HAVE_STRINGS_H
| # include <strings.h>
| #endif
| #ifdef HAVE_INTTYPES_H
| # include <inttypes.h>
| #endif
| #ifdef HAVE_STDINT_H
| # include <stdint.h>
| #endif
| #ifdef HAVE_UNISTD_H
| # include <unistd.h>
| #endif
| 	        enum { N = 32 / 2 - 1 };
| int
| main ()
| {
| static int test_array [1 - 2 * !((int32_t) (((((int32_t) 1 << N) << N) - 1) * 2 + 1)
| 		 < (int32_t) (((((int32_t) 1 << N) << N) - 1) * 2 + 2))];
| test_array [0] = 0;
| return test_array [0];
| 
|   ;
|   return 0;
| }
configure:12110: result: yes
configure:12121: checking for uint32_t
configure:12121: /usr/local/Cellar/emscripten/1.38.44/libexec/emcc -c -g -O2  conftest.c >&5
configure:12121: $? = 0
configure:12121: result: yes
configure:12135: checking for uint16_t
configure:12135: /usr/local/Cellar/emscripten/1.38.44/libexec/emcc -c -g -O2  conftest.c >&5
configure:12135: $? = 0
configure:12135: result: yes
configure:12147: checking for uint8_t
configure:12147: /usr/local/Cellar/emscripten/1.38.44/libexec/emcc -c -g -O2  conftest.c >&5
configure:12147: $? = 0
configure:12147: result: yes
configure:12162: checking for unsigned long long int
configure:12201: /usr/local/Cellar/emscripten/1.38.44/libexec/emcc -o conftest -g -O2   conftest.c  >&5
emscripten:WARNING: Wasm source map won't be usable in a browser without --source-map-base
configure:12201: $? = 0
configure:12210: result: yes
configure:12220: checking for long long int
configure:12258: /usr/local/Cellar/emscripten/1.38.44/libexec/emcc -o conftest -g -O2   conftest.c  >&5
emscripten:WARNING: Wasm source map won't be usable in a browser without --source-map-base
configure:12258: $? = 0
configure:12258: ./conftest
configure:12258: $? = 0
configure:12270: result: yes
configure:12279: checking for inline
configure:12295: /usr/local/Cellar/emscripten/1.38.44/libexec/emcc -c -g -O2  conftest.c >&5
configure:12295: $? = 0
configure:12303: result: inline
configure:12332: checking for close
configure:12332: /usr/local/Cellar/emscripten/1.38.44/libexec/emcc -o conftest -g -O2   conftest.c  >&5
wasm-ld: warning: function signature mismatch: close
>>> defined as () -> i32 in /var/folders/gt/gmgcvj394ysbbmq_rzfrgmhw0000gn/T/emscripten_temp_c2p6m3h2/conftest_0.o
>>> defined as (i32) -> i32 in /Users/kenthall/.emscripten_cache/wasm-obj/libc.a(close.c.o)
emscripten:WARNING: Wasm source map won't be usable in a browser without --source-map-base
configure:12332: $? = 0
configure:12332: result: yes
configure:12332: checking for getpid
configure:12332: /usr/local/Cellar/emscripten/1.38.44/libexec/emcc -o conftest -g -O2   conftest.c  >&5
emscripten:WARNING: Wasm source map won't be usable in a browser without --source-map-base
configure:12332: $? = 0
configure:12332: result: yes
configure:12332: checking for gettimeofday
configure:12332: /usr/local/Cellar/emscripten/1.38.44/libexec/emcc -o conftest -g -O2   conftest.c  >&5
emscripten:WARNING: Wasm source map won't be usable in a browser without --source-map-base
configure:12332: $? = 0
configure:12332: result: yes
configure:12332: checking for localeconv
configure:12332: /usr/local/Cellar/emscripten/1.38.44/libexec/emcc -o conftest -g -O2   conftest.c  >&5
emscripten:WARNING: Wasm source map won't be usable in a browser without --source-map-base
configure:12332: $? = 0
configure:12332: result: yes
configure:12332: checking for open
configure:12332: /usr/local/Cellar/emscripten/1.38.44/libexec/emcc -o conftest -g -O2   conftest.c  >&5
wasm-ld: warning: function signature mismatch: open
>>> defined as () -> i32 in /var/folders/gt/gmgcvj394ysbbmq_rzfrgmhw0000gn/T/emscripten_temp_jlzj09sh/conftest_0.o
>>> defined as (i32, i32, i32) -> i32 in /Users/kenthall/.emscripten_cache/wasm-obj/libc.a(open.c.o)
emscripten:WARNING: Wasm source map won't be usable in a browser without --source-map-base
configure:12332: $? = 0
configure:12332: result: yes
configure:12332: checking for read
configure:12332: /usr/local/Cellar/emscripten/1.38.44/libexec/emcc -o conftest -g -O2   conftest.c  >&5
wasm-ld: warning: function signature mismatch: read
>>> defined as () -> i32 in /var/folders/gt/gmgcvj394ysbbmq_rzfrgmhw0000gn/T/emscripten_temp_dgt2q9fy/conftest_0.o
>>> defined as (i32, i32, i32) -> i32 in /Users/kenthall/.emscripten_cache/wasm-obj/libc.a(read.c.o)
emscripten:WARNING: Wasm source map won't be usable in a browser without --source-map-base
configure:12332: $? = 0
configure:12332: result: yes
configure:12332: checking for sched_yield
configure:12332: /usr/local/Cellar/emscripten/1.38.44/libexec/emcc -o conftest -g -O2   conftest.c  >&5
emscripten:WARNING: Wasm source map won't be usable in a browser without --source-map-base
configure:12332: $? = 0
configure:12332: result: yes
configure:12332: checking for strtoll
configure:12332: /usr/local/Cellar/emscripten/1.38.44/libexec/emcc -o conftest -g -O2   conftest.c  >&5
conftest.c:64:6: warning: incompatible redeclaration of library function 'strtoll' [-Wincompatible-library-redeclaration]
char strtoll ();
     ^
conftest.c:64:6: note: 'strtoll' is a builtin with type 'long long (const char *, char **, int)'
1 warning generated.
wasm-ld: warning: function signature mismatch: strtoll
>>> defined as () -> i32 in /var/folders/gt/gmgcvj394ysbbmq_rzfrgmhw0000gn/T/emscripten_temp_5zybq2hc/conftest_0.o
>>> defined as (i32, i32, i32) -> i64 in /Users/kenthall/.emscripten_cache/wasm-obj/libc.a(strtol.c.o)
emscripten:WARNING: Wasm source map won't be usable in a browser without --source-map-base
configure:12332: $? = 0
configure:12332: result: yes
configure:12342: checking for gcc __sync builtins
configure:12356: /usr/local/Cellar/emscripten/1.38.44/libexec/emcc -o conftest -g -O2   conftest.c  >&5
emscripten:WARNING: Wasm source map won't be usable in a browser without --source-map-base
configure:12356: $? = 0
configure:12370: result: yes
configure:12373: checking for gcc __atomic builtins
configure:12387: /usr/local/Cellar/emscripten/1.38.44/libexec/emcc -o conftest -g -O2   conftest.c  >&5
emscripten:WARNING: Wasm source map won't be usable in a browser without --source-map-base
configure:12387: $? = 0
configure:12401: result: yes
configure:12467: checking for -Bsymbolic-functions linker flag
configure:12482: /usr/local/Cellar/emscripten/1.38.44/libexec/emcc -o conftest -g -O2  -Wl,-Bsymbolic-functions conftest.c  >&5
conftest.c:51:17: error: function definition is not allowed here
int main (void) { return 0; }
                ^
1 error generated.
shared:ERROR: '/Users/kenthall/emsdk/upstream/bin/clang -target wasm32-unknown-emscripten -D__EMSCRIPTEN_major__=1 -D__EMSCRIPTEN_minor__=38 -D__EMSCRIPTEN_tiny__=44 -D_LIBCPP_ABI_VERSION=2 -Dunix -D__unix -D__unix__ -Werror=implicit-function-declaration -Xclang -nostdsysteminc -Xclang -isystem/usr/local/Cellar/emscripten/1.38.44/libexec/system/include/libcxx -Xclang -isystem/usr/local/Cellar/emscripten/1.38.44/libexec/system/lib/libcxxabi/include -Xclang -isystem/usr/local/Cellar/emscripten/1.38.44/libexec/system/include/compat -Xclang -isystem/usr/local/Cellar/emscripten/1.38.44/libexec/system/include -Xclang -isystem/usr/local/Cellar/emscripten/1.38.44/libexec/system/include/libc -Xclang -isystem/usr/local/Cellar/emscripten/1.38.44/libexec/system/lib/libc/musl/arch/emscripten -Xclang -isystem/usr/local/Cellar/emscripten/1.38.44/libexec/system/local/include -DEMSCRIPTEN -O2 -g conftest.c -Xclang -isystem/usr/local/Cellar/emscripten/1.38.44/libexec/system/include/SDL -c -o /var/folders/gt/gmgcvj394ysbbmq_rzfrgmhw0000gn/T/emscripten_temp_xc6c1t4u/conftest_0.o -mllvm -combiner-global-alias-analysis=false -mllvm -enable-emscripten-sjlj -mllvm -disable-lsr' failed (1)
configure:12482: $? = 1
configure: failed program was:
| /* confdefs.h */
| #define PACKAGE_NAME "jansson"
| #define PACKAGE_TARNAME "jansson"
| #define PACKAGE_VERSION "2.12"
| #define PACKAGE_STRING "jansson 2.12"
| #define PACKAGE_BUGREPORT "petri@digip.org"
| #define PACKAGE_URL ""
| #define PACKAGE "jansson"
| #define VERSION "2.12"
| #define STDC_HEADERS 1
| #define HAVE_SYS_TYPES_H 1
| #define HAVE_SYS_STAT_H 1
| #define HAVE_STDLIB_H 1
| #define HAVE_STRING_H 1
| #define HAVE_MEMORY_H 1
| #define HAVE_STRINGS_H 1
| #define HAVE_INTTYPES_H 1
| #define HAVE_STDINT_H 1
| #define HAVE_UNISTD_H 1
| #define HAVE_DLFCN_H 1
| #define LT_OBJDIR ".libs/"
| #define HAVE_ENDIAN_H 1
| #define HAVE_FCNTL_H 1
| #define HAVE_LOCALE_H 1
| #define HAVE_SCHED_H 1
| #define HAVE_UNISTD_H 1
| #define HAVE_SYS_PARAM_H 1
| #define HAVE_SYS_STAT_H 1
| #define HAVE_SYS_TIME_H 1
| #define HAVE_SYS_TYPES_H 1
| #define HAVE_UNSIGNED_LONG_LONG_INT 1
| #define HAVE_LONG_LONG_INT 1
| #define HAVE_CLOSE 1
| #define HAVE_GETPID 1
| #define HAVE_GETTIMEOFDAY 1
| #define HAVE_LOCALECONV 1
| #define HAVE_OPEN 1
| #define HAVE_READ 1
| #define HAVE_SCHED_YIELD 1
| #define HAVE_STRTOLL 1
| #define HAVE_SYNC_BUILTINS 1
| #define HAVE_ATOMIC_BUILTINS 1
| #define USE_URANDOM 1
| #define USE_WINDOWS_CRYPTOAPI 1
| #define INITIAL_HASHTABLE_ORDER 3
| /* end confdefs.h.  */
| 
| int
| main ()
| {
| int main (void) { return 0; }
|   ;
|   return 0;
| }
configure:12487: result: no
configure:12510: checking for -Wno-format-truncation
configure:12517: result: no
configure:12637: checking that generated files are newer than configure
configure:12643: result: done
configure:12670: creating ./config.status

## ---------------------- ##
## Running config.status. ##
## ---------------------- ##

This file was extended by jansson config.status 2.12, which was
generated by GNU Autoconf 2.69.  Invocation command line was

  CONFIG_FILES    = 
  CONFIG_HEADERS  = 
  CONFIG_LINKS    = 
  CONFIG_COMMANDS = 
  $ ./config.status 

on dyn-160-39-255-225.dyn.columbia.edu

config.status:1121: creating jansson.pc
config.status:1121: creating Makefile
config.status:1121: creating doc/Makefile
config.status:1121: creating src/Makefile
config.status:1121: creating src/jansson_config.h
config.status:1121: creating test/Makefile
config.status:1121: creating test/bin/Makefile
config.status:1121: creating test/suites/Makefile
config.status:1121: creating test/suites/api/Makefile
config.status:1121: creating jansson_private_config.h
config.status:1350: executing depfiles commands
config.status:1427: cd src       && sed -e '/# am--include-marker/d' Makefile         | make -f - am--depfiles
make: Nothing to be done for `am--depfiles'.
config.status:1432: $? = 0
config.status:1427: cd test/bin       && sed -e '/# am--include-marker/d' Makefile         | make -f - am--depfiles
make: Nothing to be done for `am--depfiles'.
config.status:1432: $? = 0
config.status:1427: cd test/suites/api       && sed -e '/# am--include-marker/d' Makefile         | make -f - am--depfiles
make: Nothing to be done for `am--depfiles'.
config.status:1432: $? = 0
config.status:1350: executing libtool commands

## ---------------- ##
## Cache variables. ##
## ---------------- ##

ac_cv_build=x86_64-apple-darwin18.2.0
ac_cv_c_compiler_gnu=yes
ac_cv_c_inline=inline
ac_cv_c_int32_t=yes
ac_cv_c_uint16_t=yes
ac_cv_c_uint32_t=yes
ac_cv_c_uint8_t=yes
ac_cv_env_CC_set=set
ac_cv_env_CC_value=/usr/local/Cellar/emscripten/1.38.44/libexec/emcc
ac_cv_env_CFLAGS_set=
ac_cv_env_CFLAGS_value=
ac_cv_env_CPPFLAGS_set=
ac_cv_env_CPPFLAGS_value=
ac_cv_env_CPP_set=
ac_cv_env_CPP_value=
ac_cv_env_LDFLAGS_set=
ac_cv_env_LDFLAGS_value=
ac_cv_env_LIBS_set=
ac_cv_env_LIBS_value=
ac_cv_env_LT_SYS_LIBRARY_PATH_set=
ac_cv_env_LT_SYS_LIBRARY_PATH_value=
ac_cv_env_build_alias_set=
ac_cv_env_build_alias_value=
ac_cv_env_host_alias_set=
ac_cv_env_host_alias_value=
ac_cv_env_target_alias_set=
ac_cv_env_target_alias_value=
ac_cv_func_close=yes
ac_cv_func_getpid=yes
ac_cv_func_gettimeofday=yes
ac_cv_func_localeconv=yes
ac_cv_func_open=yes
ac_cv_func_read=yes
ac_cv_func_sched_yield=yes
ac_cv_func_strtoll=yes
ac_cv_header_dlfcn_h=yes
ac_cv_header_endian_h=yes
ac_cv_header_fcntl_h=yes
ac_cv_header_inttypes_h=yes
ac_cv_header_locale_h=yes
ac_cv_header_memory_h=yes
ac_cv_header_sched_h=yes
ac_cv_header_stdc=yes
ac_cv_header_stdint_h=yes
ac_cv_header_stdlib_h=yes
ac_cv_header_string_h=yes
ac_cv_header_strings_h=yes
ac_cv_header_sys_param_h=yes
ac_cv_header_sys_stat_h=yes
ac_cv_header_sys_time_h=yes
ac_cv_header_sys_types_h=yes
ac_cv_header_unistd_h=yes
ac_cv_host=x86_64-apple-darwin18.2.0
ac_cv_objext=o
ac_cv_path_EGREP='/usr/bin/grep -E'
ac_cv_path_FGREP='/usr/bin/grep -F'
ac_cv_path_GREP=/usr/bin/grep
ac_cv_path_SED=/usr/bin/sed
ac_cv_path_install='/usr/local/bin/ginstall -c'
ac_cv_path_lt_DD=/bin/dd
ac_cv_path_mkdir=/usr/local/bin/gmkdir
ac_cv_prog_AWK=awk
ac_cv_prog_CPP='/usr/local/Cellar/emscripten/1.38.44/libexec/emcc -E'
ac_cv_prog_ac_ct_CC=/usr/local/Cellar/emscripten/1.38.44/libexec/emcc
ac_cv_prog_ac_ct_DSYMUTIL=dsymutil
ac_cv_prog_ac_ct_LIPO=lipo
ac_cv_prog_ac_ct_NMEDIT=nmedit
ac_cv_prog_ac_ct_OBJDUMP=objdump
ac_cv_prog_ac_ct_OTOOL=otool
ac_cv_prog_ac_ct_RANLIB=/usr/local/Cellar/emscripten/1.38.44/libexec/emranlib
ac_cv_prog_ac_ct_STRIP=strip
ac_cv_prog_cc_c89=
ac_cv_prog_cc_g=yes
ac_cv_prog_make_make_set=yes
ac_cv_type_long_long_int=yes
ac_cv_type_unsigned_long_long_int=yes
am_cv_CC_dependencies_compiler_type=gcc3
am_cv_make_support_nested_variables=yes
am_cv_prog_cc_c_o=yes
lt_cv_apple_cc_single_mod=no
lt_cv_ar_at_file=@
lt_cv_archive_cmds_need_lc=yes
lt_cv_deplibs_check_method=pass_all
lt_cv_file_magic_cmd='$MAGIC_CMD'
lt_cv_file_magic_test_file=
lt_cv_ld_exported_symbols_list=no
lt_cv_ld_force_load=no
lt_cv_ld_reload_flag=-r
lt_cv_nm_interface='BSD nm'
lt_cv_objdir=.libs
lt_cv_path_LD=/usr/local/Cellar/emscripten/1.38.44/libexec/emcc
lt_cv_path_NM=/Users/kenthall/emsdk/upstream/bin/llvm-nm
lt_cv_path_mainfest_tool=no
lt_cv_prog_compiler_c_o=yes
lt_cv_prog_compiler_pic='-fno-common -DPIC'
lt_cv_prog_compiler_pic_works=yes
lt_cv_prog_compiler_rtti_exceptions=yes
lt_cv_prog_compiler_static_works=yes
lt_cv_prog_gnu_ld=yes
lt_cv_sharedlib_from_linklib_cmd='printf %s\n'
lt_cv_sys_global_symbol_pipe='sed -n -e '\''s/^.*[	 ]\([BCDEGRST][BCDEGRST]*\)[	 ][	 ]*\([_A-Za-z][_A-Za-z0-9]*\)$/\1 \2 \2/p'\'' | sed '\''/ __gnu_lto/d'\'''
lt_cv_sys_global_symbol_to_c_name_address='sed -n -e '\''s/^: \(.*\) .*$/  {"\1", (void *) 0},/p'\'' -e '\''s/^[BCDEGRST][BCDEGRST]* .* \(.*\)$/  {"\1", (void *) \&\1},/p'\'''
lt_cv_sys_global_symbol_to_c_name_address_lib_prefix='sed -n -e '\''s/^: \(.*\) .*$/  {"\1", (void *) 0},/p'\'' -e '\''s/^[BCDEGRST][BCDEGRST]* .* \(lib.*\)$/  {"\1", (void *) \&\1},/p'\'' -e '\''s/^[BCDEGRST][BCDEGRST]* .* \(.*\)$/  {"lib\1", (void *) \&\1},/p'\'''
lt_cv_sys_global_symbol_to_cdecl='sed -n -e '\''s/^T .* \(.*\)$/extern int \1();/p'\'' -e '\''s/^[BCDEGRST][BCDEGRST]* .* \(.*\)$/extern char \1;/p'\'''
lt_cv_sys_global_symbol_to_import=
lt_cv_sys_max_cmd_len=196608
lt_cv_to_host_file_cmd=func_convert_file_noop
lt_cv_to_tool_file_cmd=func_convert_file_noop
lt_cv_truncate_bin='/bin/dd bs=4096 count=1'

## ----------------- ##
## Output variables. ##
## ----------------- ##

ACLOCAL='${SHELL} /Users/kenthall/documents/cashweb/src/jansson/missing aclocal-1.16'
AMDEPBACKSLASH='\'
AMDEP_FALSE='#'
AMDEP_TRUE=''
AMTAR='$${TAR-tar}'
AM_BACKSLASH='\'
AM_CFLAGS='-Wall -Wextra -Wdeclaration-after-statement -Wshadow '
AM_DEFAULT_V='$(AM_DEFAULT_VERBOSITY)'
AM_DEFAULT_VERBOSITY='1'
AM_V='$(V)'
AR='/usr/local/Cellar/emscripten/1.38.44/libexec/emar'
AUTOCONF='${SHELL} /Users/kenthall/documents/cashweb/src/jansson/missing autoconf'
AUTOHEADER='${SHELL} /Users/kenthall/documents/cashweb/src/jansson/missing autoheader'
AUTOMAKE='${SHELL} /Users/kenthall/documents/cashweb/src/jansson/missing automake-1.16'
AWK='awk'
CC='/usr/local/Cellar/emscripten/1.38.44/libexec/emcc'
CCDEPMODE='depmode=gcc3'
CFLAGS='-g -O2'
CPP='/usr/local/Cellar/emscripten/1.38.44/libexec/emcc -E'
CPPFLAGS=''
CYGPATH_W='echo'
DEFS='-DHAVE_CONFIG_H'
DEPDIR='.deps'
DLLTOOL='false'
DSYMUTIL='dsymutil'
DUMPBIN=''
ECHO_C='\c'
ECHO_N=''
ECHO_T=''
EGREP='/usr/bin/grep -E'
EXEEXT=''
FGREP='/usr/bin/grep -F'
GCC_FALSE='#'
GCC_TRUE=''
GREP='/usr/bin/grep'
INSTALL_DATA='${INSTALL} -m 644'
INSTALL_PROGRAM='${INSTALL}'
INSTALL_SCRIPT='${INSTALL}'
INSTALL_STRIP_PROGRAM='$(install_sh) -c -s'
JSON_BSYMBOLIC_LDFLAGS=''
LD='/usr/local/Cellar/emscripten/1.38.44/libexec/emcc'
LDFLAGS=''
LIBOBJS=''
LIBS=''
LIBTOOL='$(SHELL) $(top_builddir)/libtool'
LIPO='lipo'
LN_S='ln -s'
LTLIBOBJS=''
LT_SYS_LIBRARY_PATH=''
MAKEINFO='${SHELL} /Users/kenthall/documents/cashweb/src/jansson/missing makeinfo'
MANIFEST_TOOL=':'
MKDIR_P='/usr/local/bin/gmkdir -p'
NM='/Users/kenthall/emsdk/upstream/bin/llvm-nm'
NMEDIT='nmedit'
OBJDUMP='objdump'
OBJEXT='o'
OTOOL64=':'
OTOOL='otool'
PACKAGE='jansson'
PACKAGE_BUGREPORT='petri@digip.org'
PACKAGE_NAME='jansson'
PACKAGE_STRING='jansson 2.12'
PACKAGE_TARNAME='jansson'
PACKAGE_URL=''
PACKAGE_VERSION='2.12'
PATH_SEPARATOR=':'
RANLIB='/usr/local/Cellar/emscripten/1.38.44/libexec/emranlib'
SED='/usr/bin/sed'
SET_MAKE=''
SHELL='/bin/sh'
STRIP='strip'
VERSION='2.12'
ac_ct_AR=''
ac_ct_CC='/usr/local/Cellar/emscripten/1.38.44/libexec/emcc'
ac_ct_DUMPBIN=''
am__EXEEXT_FALSE=''
am__EXEEXT_TRUE='#'
am__fastdepCC_FALSE='#'
am__fastdepCC_TRUE=''
am__include='include'
am__isrc=''
am__leading_dot='.'
am__nodep='_no'
am__quote=''
am__tar='$${TAR-tar} chof - "$$tardir"'
am__untar='$${TAR-tar} xf -'
bindir='${exec_prefix}/bin'
build='x86_64-apple-darwin18.2.0'
build_alias=''
build_cpu='x86_64'
build_os='darwin18.2.0'
build_vendor='apple'
datadir='${datarootdir}'
datarootdir='${prefix}/share'
docdir='${datarootdir}/doc/${PACKAGE_TARNAME}'
dvidir='${docdir}'
exec_prefix='${prefix}'
host='x86_64-apple-darwin18.2.0'
host_alias=''
host_cpu='x86_64'
host_os='darwin18.2.0'
host_vendor='apple'
htmldir='${docdir}'
includedir='${prefix}/include'
infodir='${datarootdir}/info'
install_sh='${SHELL} /Users/kenthall/documents/cashweb/src/jansson/install-sh'
json_have_atomic_builtins='1'
json_have_localeconv='1'
json_have_long_long='1'
json_have_sync_builtins='1'
json_inline='inline'
libdir='${exec_prefix}/lib'
libexecdir='${exec_prefix}/libexec'
localedir='${datarootdir}/locale'
localstatedir='${prefix}/var'
mandir='${datarootdir}/man'
mkdir_p='$(MKDIR_P)'
oldincludedir='/usr/include'
pdfdir='${docdir}'
prefix='/usr/local'
program_transform_name='s,x,x,'
psdir='${docdir}'
sbindir='${exec_prefix}/sbin'
sharedstatedir='${prefix}/com'
sysconfdir='${prefix}/etc'
target_alias=''

## ----------- ##
## confdefs.h. ##
## ----------- ##

/* confdefs.h */
#define PACKAGE_NAME "jansson"
#define PACKAGE_TARNAME "jansson"
#define PACKAGE_VERSION "2.12"
#define PACKAGE_STRING "jansson 2.12"
#define PACKAGE_BUGREPORT "petri@digip.org"
#define PACKAGE_URL ""
#define PACKAGE "jansson"
#define VERSION "2.12"
#define STDC_HEADERS 1
#define HAVE_SYS_TYPES_H 1
#define HAVE_SYS_STAT_H 1
#define HAVE_STDLIB_H 1
#define HAVE_STRING_H 1
#define HAVE_MEMORY_H 1
#define HAVE_STRINGS_H 1
#define HAVE_INTTYPES_H 1
#define HAVE_STDINT_H 1
#define HAVE_UNISTD_H 1
#define HAVE_DLFCN_H 1
#define LT_OBJDIR ".libs/"
#define HAVE_ENDIAN_H 1
#define HAVE_FCNTL_H 1
#define HAVE_LOCALE_H 1
#define HAVE_SCHED_H 1
#define HAVE_UNISTD_H 1
#define HAVE_SYS_PARAM_H 1
#define HAVE_SYS_STAT_H 1
#define HAVE_SYS_TIME_H 1
#define HAVE_SYS_TYPES_H 1
#define HAVE_UNSIGNED_LONG_LONG_INT 1
#define HAVE_LONG_LONG_INT 1
#define HAVE_CLOSE 1
#define HAVE_GETPID 1
#define HAVE_GETTIMEOFDAY 1
#define HAVE_LOCALECONV 1
#define HAVE_OPEN 1
#define HAVE_READ 1
#define HAVE_SCHED_YIELD 1
#define HAVE_STRTOLL 1
#define HAVE_SYNC_BUILTINS 1
#define HAVE_ATOMIC_BUILTINS 1
#define USE_URANDOM 1
#define USE_WINDOWS_CRYPTOAPI 1
#define INITIAL_HASHTABLE_ORDER 3

configure: exit 0
